[    0.000000] Initializing cgroup subsys cpuset
[    0.000000] Initializing cgroup subsys cpu
[    0.000000] Initializing cgroup subsys cpuacct
[    0.000000] Linux version 4.4.0-159-generic (buildd@lgw01-amd64-042) (gcc version 5.4.0 20160609 (Ubuntu 5.4.0-6ubuntu1~16.04.10) ) #187-Ubuntu SMP Thu Aug 1 16:28:06 UTC 2019 (Ubuntu 4.4.0-159.187-generic 4.4.185)
[    0.000000] Command line: BOOT_IMAGE=/boot/vmlinuz-4.4.0-159-generic root=LABEL=cloudimg-rootfs ro console=tty1 console=ttyS0
[    0.000000] KERNEL supported cpus:
[    0.000000]   Intel GenuineIntel
[    0.000000]   AMD AuthenticAMD
[    0.000000]   Centaur CentaurHauls
[    0.000000] x86/fpu: Legacy x87 FPU detected.
[    0.000000] e820: BIOS-provided physical RAM map:
[    0.000000] BIOS-e820: [mem 0x0000000000000000-0x000000000009fbff] usable
[    0.000000] BIOS-e820: [mem 0x000000000009fc00-0x000000000009ffff] reserved
[    0.000000] BIOS-e820: [mem 0x00000000000f0000-0x00000000000fffff] reserved
[    0.000000] BIOS-e820: [mem 0x0000000000100000-0x000000002cfeffff] usable
[    0.000000] BIOS-e820: [mem 0x000000002cff0000-0x000000002cffffff] ACPI data
[    0.000000] BIOS-e820: [mem 0x00000000fec00000-0x00000000fec00fff] reserved
[    0.000000] BIOS-e820: [mem 0x00000000fee00000-0x00000000fee00fff] reserved
[    0.000000] BIOS-e820: [mem 0x00000000fffc0000-0x00000000ffffffff] reserved
[    0.000000] NX (Execute Disable) protection: active
[    0.000000] SMBIOS 2.5 present.
[    0.000000] Hypervisor detected: KVM
[    0.000000] e820: last_pfn = 0x2cff0 max_arch_pfn = 0x400000000
[    0.000000] MTRR: Disabled
[    0.000000] x86/PAT: MTRRs disabled, skipping PAT initialization too.
[    0.000000] CPU MTRRs all blank - virtualized system.
[    0.000000] x86/PAT: Configuration [0-7]: WB  WT  UC- UC  WB  WT  UC- UC  
[    0.000000] found SMP MP-table at [mem 0x0009fff0-0x0009ffff] mapped at [ffff88000009fff0]
[    0.000000] Scanning 1 areas for low memory corruption
[    0.000000] RAMDISK: [mem 0x2b961000-0x2c7dcfff]
[    0.000000] ACPI: Early table checksum verification disabled
[    0.000000] ACPI: RSDP 0x00000000000E0000 000024 (v02 VBOX  )
[    0.000000] ACPI: XSDT 0x000000002CFF0030 00003C (v01 VBOX   VBOXXSDT 00000001 ASL  00000061)
[    0.000000] ACPI: FACP 0x000000002CFF00F0 0000F4 (v04 VBOX   VBOXFACP 00000001 ASL  00000061)
[    0.000000] ACPI: DSDT 0x000000002CFF0470 0021FF (v02 VBOX   VBOXBIOS 00000002 INTL 20180105)
[    0.000000] ACPI: FACS 0x000000002CFF0200 000040
[    0.000000] ACPI: FACS 0x000000002CFF0200 000040
[    0.000000] ACPI: APIC 0x000000002CFF0240 000054 (v02 VBOX   VBOXAPIC 00000001 ASL  00000061)
[    0.000000] ACPI: SSDT 0x000000002CFF02A0 0001CC (v01 VBOX   VBOXCPUT 00000002 INTL 20180105)
[    0.000000] No NUMA configuration found
[    0.000000] Faking a node at [mem 0x0000000000000000-0x000000002cfeffff]
[    0.000000] NODE_DATA(0) allocated [mem 0x2cfeb000-0x2cfeffff]
[    0.000000] kvm-clock: Using msrs 4b564d01 and 4b564d00
[    0.000000] kvm-clock: cpu 0, msr 0:2cfe3001, primary cpu clock
[    0.000000] kvm-clock: using sched offset of 7670860808 cycles
[    0.000000] clocksource: kvm-clock: mask: 0xffffffffffffffff max_cycles: 0x1cd42e4dffb, max_idle_ns: 881590591483 ns
[    0.000000] Zone ranges:
[    0.000000]   DMA      [mem 0x0000000000001000-0x0000000000ffffff]
[    0.000000]   DMA32    [mem 0x0000000001000000-0x000000002cfeffff]
[    0.000000]   Normal   empty
[    0.000000]   Device   empty
[    0.000000] Movable zone start for each node
[    0.000000] Early memory node ranges
[    0.000000]   node   0: [mem 0x0000000000001000-0x000000000009efff]
[    0.000000]   node   0: [mem 0x0000000000100000-0x000000002cfeffff]
[    0.000000] Initmem setup node 0 [mem 0x0000000000001000-0x000000002cfeffff]
[    0.000000] ACPI: PM-Timer IO Port: 0x4008
[    0.000000] IOAPIC[0]: apic_id 1, version 32, address 0xfec00000, GSI 0-23
[    0.000000] ACPI: INT_SRC_OVR (bus 0 bus_irq 0 global_irq 2 dfl dfl)
[    0.000000] ACPI: INT_SRC_OVR (bus 0 bus_irq 9 global_irq 9 low level)
[    0.000000] Using ACPI (MADT) for SMP configuration information
[    0.000000] smpboot: Allowing 1 CPUs, 0 hotplug CPUs
[    0.000000] PM: Registered nosave memory: [mem 0x00000000-0x00000fff]
[    0.000000] PM: Registered nosave memory: [mem 0x0009f000-0x0009ffff]
[    0.000000] PM: Registered nosave memory: [mem 0x000a0000-0x000effff]
[    0.000000] PM: Registered nosave memory: [mem 0x000f0000-0x000fffff]
[    0.000000] e820: [mem 0x2d000000-0xfebfffff] available for PCI devices
[    0.000000] Booting paravirtualized kernel on KVM
[    0.000000] clocksource: refined-jiffies: mask: 0xffffffff max_cycles: 0xffffffff, max_idle_ns: 7645519600211568 ns
[    0.000000] setup_percpu: NR_CPUS:512 nr_cpumask_bits:512 nr_cpu_ids:1 nr_node_ids:1
[    0.000000] PERCPU: Embedded 34 pages/cpu @ffff88002cc00000 s99544 r8192 d31528 u2097152
[    0.000000] Built 1 zonelists in Node order, mobility grouping on.  Total pages: 181304
[    0.000000] Policy zone: DMA32
[    0.000000] Kernel command line: BOOT_IMAGE=/boot/vmlinuz-4.4.0-159-generic root=LABEL=cloudimg-rootfs ro console=tty1 console=ttyS0
[    0.000000] PID hash table entries: 4096 (order: 3, 32768 bytes)
[    0.000000] Memory: 690660K/736824K available (8618K kernel code, 1335K rwdata, 4032K rodata, 1488K init, 1284K bss, 46164K reserved, 0K cma-reserved)
[    0.000000] SLUB: HWalign=64, Order=0-3, MinObjects=0, CPUs=1, Nodes=1
[    0.000000] Kernel/User page tables isolation: enabled
[    0.000000] Hierarchical RCU implementation.
[    0.000000] 	Build-time adjustment of leaf fanout to 64.
[    0.000000] 	RCU restricting CPUs from NR_CPUS=512 to nr_cpu_ids=1.
[    0.000000] RCU: Adjusting geometry for rcu_fanout_leaf=64, nr_cpu_ids=1
[    0.000000] NR_IRQS:33024 nr_irqs:256 16
[    0.000000] Console: colour VGA+ 80x25
[    0.000000] console [tty1] enabled
[    0.000000] console [ttyS0] enabled
[    0.000000] tsc: Detected 2992.498 MHz processor
[    1.041400] Calibrating delay loop (siipped) preset value.. 5984.99 BogoMIPS (lpj=11969992)
[    1.144782] pid_max: default: 32768 minimum: 301
[    1.163482] ACPI: Core revision 20150930
[    1.166842] ACPI: 2 ACPI AML tables successfully acquired and loaded
[    1.170044] Security Framework initialized
[    1.172145] Yama: becoming mindful.
[    1.174092] AppArmor: AppArmor initialized
[    1.176318] Dentry cache hash table entries: 131072 (order: 8, 1048576 bytes)
[    1.179894] Inode-cache hash table entries: 65536 (order: 7, 524288 bytes)
[    1.183194] Mount-cache hash table entries: 2048 (order: 2, 16384 bytes)
[    1.186286] Mountpoint-cache hash table entries: 2048 (order: 2, 16384 bytes)
[    1.235823] Initializing cgroup subsys io
[    1.243363] Initializing cgroup subsys memory
[    1.244917] Initializing cgroup subsys devices
[    1.246492] Initializing cgroup subsys freezer
[    1.248038] Initializing cgroup subsys net_cls
[    1.249615] Initializing cgroup subsys perf_event
[    1.251216] Initializing cgroup subsys net_prio
[    1.262833] Initializing cgroup subsys hugetlb
[    1.264375] Initializing cgroup subsys pids
[    1.283512] mce: CPU supports 0 MCE banks
[    1.338675] process: using mwait in idle threads
[    1.340258] Last level iTLB entries: 4KB 128, 2MB 4, 4MB 4
[    1.342056] Last level dTLB entries: 4KB 256, 2MB 0, 4MB 32, 1GB 0
[    1.344023] Spectre V1 : Mitigation: usercopy/swapgs barriers and __user pointer sanitization
[    1.346925] Spectre V2 : Mitigation: Full generic retpoline
[    1.348759] Spectre V2 : Spectre v2 / SpectreRSB mitigation: Filling RSB on context switch
[    1.351621] Speculative Store Bypass: Vulnerable
[    1.363992] MDS: Vulnerable: Clear CPU buffers attempted, no microcode
[    1.985987] Freeing SMP alternatives memory: 36K
[    2.011168] ftrace: allocating 32318 entries in 127 pages
[    2.196064] smpboot: APIC(0) Converting physical 0 to logical package 0
[    2.227138] smpboot: Max logical packages: 1
[    2.280877] x2apic enabled
[    2.291145] Switched APIC routing to physical x2apic.
[    2.300523] ..TIMER: vector=0x30 apic1=0 pin1=2 apic2=-1 pin2=-1
[    2.333416] APIC calibration not consistent with PM-Timer: 392ms instead of 100ms
[    2.386834] APIC delta adjusted to PM-Timer: 6186075 (24249869)
[    2.388795] smpboot: CPU0: Intel(R) Core(TM)2 Duo CPU     E8400  @ 3.00GHz (family: 0x6, model: 0x17, stepping: 0xa)
[    2.394888] Performance Events: unsupported p6 CPU model 23 no PMU driver, software events only.
[    2.605515] KVM setup paravirtual spinlock
[    2.624840] x86: Booted up 1 node, 1 CPUs
[    2.626297] smpboot: Total of 1 processors activated (5984.99 BogoMIPS)
[    2.628815] devtmpfs: initialized
[    2.632489] evm: security.selinux
[    2.633764] evm: security.SMACK64
[    2.698794] evm: security.SMACK64EXEC
[    2.700156] evm: security.SMACK64TRANSMUTE
[    2.701628] evm: security.SMACK64MMAP
[    2.713002] evm: security.ima
[    2.714198] evm: security.capability
[    2.715706] clocksource: jiffies: mask: 0xffffffff max_cycles: 0xffffffff, max_idle_ns: 7645041785100000 ns
[    2.718958] futex hash table entries: 256 (order: 2, 16384 bytes)
[    2.721007] pinctrl core: initialized pinctrl subsystem
[    2.722897] RTC time: 16:30:22, date: 08/23/19
[    2.724720] NET: Registered protocol family 16
[    2.726535] cpuidle: using governor ladder
[    2.727996] cpuidle: using governor menu
[    2.729426] PCCT header not found.
[    2.804019] ACPI: bus type PCI registered
[    2.805449] acpiphp: ACPI Hot Plug PCI Controller Driver version: 0.5
[    2.807570] PCI: Using configuration type 1 for base access
[    2.810928] ACPI: Added _OSI(Module Device)
[    2.812466] ACPI: Added _OSI(Processor Device)
[    2.814001] ACPI: Added _OSI(3.0 _SCP Extensions)
[    2.815577] ACPI: Added _OSI(Processor Aggregator Device)
[    2.818088] ACPI: Executed 1 blocks of module-level executable AML code
[    2.822606] ACPI: Interpreter enabled
[    2.823981] ACPI: (supports S0 S5)
[    2.825292] ACPI: Using IOAPIC for interrupt routing
[    2.827123] PCI: Using host bridge windows from ACPI; if necessary, use "pci=nocrs" and report a bug
[    2.834640] ACPI: PCI Root Bridge [PCI0] (domain 0000 [bus 00-ff])
[    2.925426] acpi PNP0A03:00: _OSC: OS supports [ASPM ClockPM Segments MSI]
[    2.927538] acpi PNP0A03:00: _OSC: not requesting OS control; OS requires [ExtendedConfig ASPM ClockPM MSI]
[    2.930744] acpi PNP0A03:00: fail to add MMCONFIG information, can't access extended PCI configuration space under this bridge.
[    2.944734] PCI host bridge to bus 0000:00
[    2.946197] pci_bus 0000:00: root bus resource [io  0x0000-0x0cf7 window]
[    2.948280] pci_bus 0000:00: root bus resource [io  0x0d00-0xffff window]
[    2.950353] pci_bus 0000:00: root bus resource [mem 0x000a0000-0x000bffff window]
[    2.953034] pci_bus 0000:00: root bus resource [mem 0x2d000000-0xfdffffff window]
[    3.021729] pci_bus 0000:00: root bus resource [bus 00-ff]
[    3.025877] pci 0000:00:01.1: legacy IDE quirk: reg 0x10: [io  0x01f0-0x01f7]
[    3.044459] pci 0000:00:01.1: legacy IDE quirk: reg 0x14: [io  0x03f6]
[    3.046457] pci 0000:00:01.1: legacy IDE quirk: reg 0x18: [io  0x0170-0x0177]
[    3.048632] pci 0000:00:01.1: legacy IDE quirk: reg 0x1c: [io  0x0376]
[    3.122096] pci 0000:00:07.0: quirk: [io  0x4000-0x403f] claimed by PIIX4 ACPI
[    3.134668] pci 0000:00:07.0: quirk: [io  0x4100-0x410f] claimed by PIIX4 SMB
[    3.143452] ACPI: PCI Interrupt Link [LNKA] (IRQs 5 9 10 *11)
[    3.221513] ACPI: PCI Interrupt Link [LNKB] (IRQs 5 9 *10 11)
[    3.234451] ACPI: PCI Interrupt Link [LNKC] (IRQs 5 *9 10 11)
[    3.236978] ACPI: PCI Interrupt Link [LNKD] (IRQs 5 9 10 *11)
[    3.239588] ACPI: Enabled 2 GPEs in block 00 to 07
[    3.242149] vgaarb: setting as boot device: PCI:0000:00:02.0
[    3.243980] vgaarb: device added: PCI:0000:00:02.0,decodes=io+mem,owns=io+mem,locks=none
[    3.246848] vgaarb: loaded
[    3.247993] vgaarb: bridge control possible 0000:00:02.0
[    3.250382] SCSI subsystem initialized
[    3.252165] ACPI: bus type USB registered
[    3.253662] usbcore: registered new interface driver usbfs
[    3.333484] usbcore: registered new interface driver hub
[    3.335305] usbcore: registered new device driver usb
[    3.337440] PCI: Using ACPI for IRQ routing
[    3.360380] NetLabel: Initializing
[    3.361971] NetLabel:  domain hash size = 128
[    3.365117] NetLabel:  protocols = UNLABELED CIPSOv4
[    3.372725] NetLabel:  unlabeled traffic allowed by default
[    3.377670] amd_nb: Cannot enumerate AMD northbridges
[    3.433572] clocksource: Switched to clocksource kvm-clock
[    3.474964] AppArmor: AppArmor Filesystem Enabled
[    3.543631] pnp: PnP ACPI init
[    3.546816] pnp: PnP ACPI: found 3 devices
[    3.556066] clocksource: acpi_pm: mask: 0xffffff max_cycles: 0xffffff, max_idle_ns: 2085701024 ns
[    3.565044] NET: Registered protocol family 2
[    3.567104] TCP established hash table entries: 8192 (order: 4, 65536 bytes)
[    3.569357] TCP bind hash table entries: 8192 (order: 5, 131072 bytes)
[    3.571461] TCP: Hash tables configured (established 8192 bind 8192)
[    3.633516] UDP hash table entries: 512 (order: 2, 16384 bytes)
[    3.673536] UDP-Lite hash table entries: 512 (order: 2, 16384 bytes)
[    3.734254] NET: Registered protocol family 1
[    3.735888] pci 0000:00:00.0: Limiting direct PCI/PCI transfers
[    3.737895] pci 0000:00:01.0: Activating ISA DMA hang workarounds
[    3.740172] Unpacking initramfs...
[    4.261463] Freeing initrd memory: 14832K
[    4.283627] clocksource: tsc: mask: 0xffffffffffffffff max_cycles: 0x2b2296bc2b9, max_idle_ns: 440795321505 ns
[    4.373779] platform rtc_cmos: registered platform RTC device (no PNP device found)
[    4.394688] Scanning for low memory corruption every 60 seconds
[    4.484572] audit: initializing netlink subsys (disabled)
[    4.486350] audit: type=2000 audit(1566577830.294:1): initialized
[    4.488697] Initialise system trusted keyring
[    4.490356] HugeTLB registered 2 MB page size, pre-allocated 0 pages
[    4.493921] zbud: loaded
[    4.505414] VFS: Disk quotas dquot_6.6.0
[    4.506991] VFS: Dquot-cache hash table entries: 512 (order 0, 4096 bytes)
[    4.509386] squashfs: version 4.0 (2009/01/31) Phillip Lougher
[    4.512318] fuse init (API version 7.23)
[    4.513906] Key type big_key registered
[    4.515371] Allocating IMA MOK and blacklist keyrings.
[    4.517524] Key type asymmetric registered
[    4.569764] Asymmetric key parser 'x509' registered
[    4.571432] Block layer SCSI generic (bsg) driver version 0.4 loaded (major 249)
[    4.593772] io scheduler noop registered
[    4.603321] io scheduler deadline registered (default)
[    4.613161] io scheduler cfq registered
[    4.614750] pci_hotplug: PCI Hot Plug PCI Core version: 0.5
[    4.616582] pciehp: PCI Express Hot Plug Controller Driver version: 0.4
[    4.669531] ACPI: AC Adapter [AC] (on-line)
[    4.671116] input: Power Button as /devices/LNXSYSTM:00/LNXPWRBN:00/input/input0
[    4.683894] ACPI: Power Button [PWRF]
[    4.685441] input: Sleep Button as /devices/LNXSYSTM:00/LNXSLPBN:00/input/input1
[    4.688153] ACPI: Sleep Button [SLPF]
[    4.689757] GHES: HEST is not enabled!
[    4.691268] Serial: 8250/16550 driver, 32 ports, IRQ sharing enabled
[    4.772249] 00:02: ttyS0 at I/O 0x3f8 (irq = 4, base_baud = 115200) is a 16550A
[    4.795628] Linux agpgart interface v0.103
[    4.798570] loop: module loaded
[    4.893597] scsi host0: ata_piix
[    4.895023] scsi host1: ata_piix
[    4.896341] ata1: PATA max UDMA/33 cmd 0x1f0 ctl 0x3f6 bmdma 0xd000 irq 14
[    4.898442] ata2: PATA max UDMA/33 cmd 0x170 ctl 0x376 bmdma 0xd008 irq 15
[    4.901319] libphy: Fixed MDIO Bus: probed
[    4.902818] tun: Universal TUN/TAP device driver, 1.6
[    4.983197] tun: (C) 1999-2004 Max Krasnyansky <maxk@qualcomm.com>
[    4.985163] PPP generic driver version 2.4.2
[    4.986797] ehci_hcd: USB 2.0 'Enhanced' Host Controller (EHCI) Driver
[    4.988810] ehci-pci: EHCI PCI platform driver
[    4.990352] ehci-platform: EHCI generic platform driver
[    4.992117] ohci_hcd: USB 1.1 'Open' Host Controller (OHCI) Driver
[    4.994050] ohci-pci: OHCI PCI platform driver
[    4.995637] ohci-platform: OHCI generic platform driver
[    4.997358] uhci_hcd: USB Universal Host Controller Interface driver
[    4.999428] i8042: PNP: PS/2 Controller [PNP0303:PS2K,PNP0f03:PS2M] at 0x60,0x64 irq 1,12
[    5.002964] serio: i8042 KBD port at 0x60,0x64 irq 1
[    5.004630] serio: i8042 AUX port at 0x60,0x64 irq 12
[    5.006488] mousedev: PS/2 mouse device common for all mice
[    5.008696] input: AT Translated Set 2 keyboard as /devices/platform/i8042/serio0/input/input2
[    5.011985] rtc_cmos rtc_cmos: rtc core: registered rtc_cmos as rtc0
[    5.014259] rtc_cmos rtc_cmos: alarms up to one day, 114 bytes nvram
[    5.016231] i2c /dev entries driver
[    5.017614] device-mapper: uevent: version 1.0.3
[    5.019302] device-mapper: ioctl: 4.34.0-ioctl (2015-10-28) initialised: dm-devel@redhat.com
[    5.104130] ledtrig-cpu: registered to indicate activity on CPUs
[    5.106383] NET: Registered protocol family 10
[    5.108322] NET: Registered protocol family 17
[    5.109868] Key type dns_resolver registered
[    5.111696] registered taskstats version 1
[    5.113185] Loading compiled-in X.509 certificates
[    5.123859] Loaded X.509 cert 'Build time autogenerated kernel key: d14182f9795b80ec340f636a5a08bf5817ccd8e7'
[    5.127090] zswap: loaded using pool lzo/zbud
[    5.196286] Key type trusted registered
[    5.226580] Key type encrypted registered
[    5.228143] AppArmor: AppArmor sha1 policy hashing enabled
[    5.229968] ima: No TPM chip found, activating TPM-bypass!
[    5.231759] ima: Allocated hash algorithm: sha1
[    5.323298] evm: HMAC attrs: 0x1
[    5.324910]   Magic number: 15:914:540
[    5.333206]  node: hash matches
[    5.334526] rtc_cmos rtc_cmos: setting system clock to 2019-08-23 16:30:25 UTC (1566577825)
[    5.404095] BIOS EDD facility v0.16 2004-Jun-25, 0 devices found
[    5.413489] EDD information not available.
[    5.419945] Freeing unused kernel memory: 1488K
[    5.433604] Write protecting the kernel read-only data: 14336k
[    5.447853] Freeing unused kernel memory: 1608K
[    5.449696] Freeing unused kernel memory: 64K
Loading, please wait...
starting version[    5.726068] random: systemd-udevd: uninitialized urandom read (16 bytes read, 3 bits of entropy available)
 229
[    5.813197] random: systemd-udevd: uninitialized urandom read (16 bytes read, 3 bits of entropy available)
[    5.824512] random: systemd-udevd: uninitialized urandom read (16 bytes read, 3 bits of entropy available)
[    5.827755] random: systemd-udevd: uninitialized urandom read (16 bytes read, 3 bits of entropy available)
[    5.836998] random: udevadm: uninitialized urandom read (16 bytes read, 3 bits of entropy available)
[    5.840290] random: udevadm: uninitialized urandom read (16 bytes read, 3 bits of entropy available)
[    5.931879] random: systemd-udevd: uninitialized urandom read (16 bytes read, 3 bits of entropy available)
[    6.014688] random: systemd-udevd: uninitialized urandom read (16 bytes read, 3 bits of entropy available)
[    6.017982] random: systemd-udevd: uninitialized urandom read (16 bytes read, 3 bits of entropy available)
[    6.023349] random: systemd-udevd: uninitialized urandom read (16 bytes read, 3 bits of entropy available)
[    6.850312] e1000: Intel(R) PRO/1000 Network Driver - version 7.3.21-k8-NAPI
[    6.864109] e1000: Copyright (c) 1999-2006 Intel Corporation.
[    6.956781] Fusion MPT base driver 3.04.20
[    6.963377] Copyright (c) 1999-2008 LSI Corporation
[    6.971117] Fusion MPT SPI Host driver 3.04.20
[    7.159943] input: ImExPS/2 Generic Explorer Mouse as /devices/platform/i8042/serio1/input/input4
[    8.213428] e1000 0000:00:03.0 eth0: (PCI:33MHz:32-bit) 02:6a:5b:40:72:6f
[    8.217533] e1000 0000:00:03.0 eth0: Intel(R) PRO/1000 Network Connection
[    8.229258] e1000 0000:00:03.0 enp0s3: renamed from eth0
[    8.232504] mptbase: ioc0: Initiating bringup
[    8.297941] ioc0: LSI53C1030 A0: Capabilities={Initiator}
[    8.471099] scsi host2: ioc0: LSI53C1030 A0, FwRev=00000000h, Ports=1, MaxQ=256, IRQ=20
[    8.594498] scsi 2:0:0:0: Direct-Access     VBOX     HARDDISK         1.0  PQ: 0 ANSI: 5
[    8.597311] scsi target2:0:0: Beginning Domain Validation
[    8.600061] scsi target2:0:0: Domain Validation skipping write tests
[    8.602056] scsi target2:0:0: Ending Domain Validation
[    8.603798] scsi target2:0:0: asynchronous
[    8.623753] scsi 2:0:1:0: Direct-Access     VBOX     HARDDISK         1.0  PQ: 0 ANSI: 5
[    8.644648] scsi target2:0:1: Beginning Domain Validation
[    8.647598] scsi target2:0:1: Domain Validation skipping write tests
[    8.662896] scsi target2:0:1: Ending Domain Validation
[    8.664654] scsi target2:0:1: asynchronous
[    8.671155] sd 2:0:0:0: Attached scsi generic sg0 type 0
[    8.729038] sd 2:0:0:0: [sda] 20971520 512-byte logical blocks: (10.7 GB/10.0 GiB)
[    8.732164] sd 2:0:0:0: [sda] Write Protect is off
[    8.733876] sd 2:0:0:0: [sda] Incomplete mode parameter data
[    8.735745] sd 2:0:0:0: [sda] Assuming drive cache: write through
[    8.760643] sd 2:0:1:0: [sdb] 20480 512-byte logical blocks: (10.5 MB/10.0 MiB)
[    8.763943] sd 2:0:1:0: [sdb] Write Protect is off
[    8.765612] sd 2:0:1:0: Attached scsi generic sg1 type 0
[    8.767469] sd 2:0:1:0: [sdb] Incomplete mode parameter data
[    8.769287] sd 2:0:1:0: [sdb] Assuming drive cache: write through
[    8.822104]  sda: sda1
[    8.825327] sd 2:0:1:0: [sdb] Attached SCSI disk
[    8.832534] sd 2:0:0:0: [sda] Attached SCSI disk
Begin: Loading essential drivers ... [   12.097551] md: linear personality registered for level -1
[   12.173008] md: multipath personality registered for level -4
[   12.197505] md: raid0 personality registered for level 0
[   12.295151] md: raid1 personality registered for level 1
[   12.472602] raid6: sse2x1   gen()  2456 MB/s
[   12.577543] raid6: sse2x1   xor()  3141 MB/s
[   12.682617] raid6: sse2x2   gen()  4321 MB/s
[   12.787542] raid6: sse2x2   xor()  4786 MB/s
[   12.892631] raid6: sse2x4   gen()  5422 MB/s
[   12.997563] raid6: sse2x4   xor()  3242 MB/s
[   13.003385] raid6: using algorithm sse2x4 gen() 5422 MB/s
[   13.013227] raid6: .... xor() 3242 MB/s, rmw enabled
[   13.022945] raid6: using ssse3x2 recovery algorithm
[   13.037447] xor: measuring software checksum speed
[   13.225632]    prefetch64-sse: 29960.000 MB/sec
[   13.351971]    generic_sse: 52486.000 MB/sec
[   13.419230] xor: using function: generic_sse (52486.000 MB/sec)
[   13.432167] async_tx: api initialized (async)
[   13.529781] md: raid6 personality registered for level 6
[   13.533660] md: raid5 personality registered for level 5
[   13.553455] md: raid4 personality registered for level 4
[   13.756753] md: raid10 personality registered for level 10
done.
Begin: Running /scripts/init-premount ... done.
Begin: Mounting root file system ... Begin: Running /scripts/local-top ... done.
Begin: Running /scripts/local-premount ... [   14.091710] Btrfs loaded
Scanning for Btrfs filesystems
done.
Warning: fsck not present, so skipping root file system
[   14.583006] EXT4-fs (sda1): mounted filesystem with ordered data mode. Opts: (null)
done.
Begin: Running /scripts/local-bottom ... done.
Begin: Running /scripts/init-bottom ... done.
[   15.369969] random: nonblocking pool is initialized
[   15.557623] systemd[1]: systemd 229 running in system mode. (+PAM +AUDIT +SELINUX +IMA +APPARMOR +SMACK +SYSVINIT +UTMP +LIBCRYPTSETUP +GCRYPT +GNUTLS +ACL +XZ -LZ4 +SECCOMP +BLKID +ELFUTILS +KMOD -IDN)
[   15.595688] systemd[1]: Detected virtualization oracle.
[   15.597430] systemd[1]: Detected architecture x86-64.

Welcome to [1mUbuntu 16.04.6 LTS[0m!

[   15.629925] systemd[1]: Set hostname to <ubuntu>.
[   15.647025] systemd[1]: Initializing machine ID from random generator.
[   15.649246] systemd[1]: Installed transient /etc/machine-id file.
[   16.876401] systemd[1]: Reached target User and Group Name Lookups.
[[0;32m  OK  [0m] Reached target User and Group Name Lookups.
[   16.907499] systemd[1]: Listening on /dev/initctl Compatibility Named Pipe.
[[0;32m  OK  [0m] Listening on /dev/initctl Compatibility Named Pipe.
[   16.912459] systemd[1]: Set up automount Arbitrary Executable File Formats File System Automount Point.
[[0;32m  OK  [0m] Set up automount Arbitrary Executab...ats File System Automount Point.
[   16.933627] systemd[1]: Listening on Journal Socket (/dev/log).
[[0;32m  OK  [0m] Listening on Journal Socket (/dev/log).
[   16.937805] systemd[1]: Started Forward Password Requests to Wall Directory Watch.
[[0;32m  OK  [0m] Started Forward Password Requests to Wall Directory Watch.
[   16.942888] systemd[1]: Reached target Encrypted Volumes.
[[0;32m  OK  [0m] Reached target Encrypted Volumes.
[   16.946849] systemd[1]: Listening on Journal Audit Socket.
[[0;32m  OK  [0m] Listening on Journal Audit Socket.
[   16.951928] systemd[1]: Created slice System Slice.
[[0;32m  OK  [0m] Created slice System Slice.
[   16.956375] systemd[1]: Created slice system-serial\x2dgetty.slice.
[[0;32m  OK  [0m] Created slice system-serial\x2dgetty.slice.
[   16.960614] systemd[1]: Listening on Syslog Socket.
[[0;32m  OK  [0m] Listening on Syslog Socket.
[   16.964309] systemd[1]: Listening on LVM2 metadata daemon socket.
[[0;32m  OK  [0m] Listening on LVM2 metadata daemon socket.
[   16.968318] systemd[1]: Reached target Swap.
[[0;32m  OK  [0m] Reached target Swap.
[   16.971665] systemd[1]: Reached target System Time Synchronized.
[[0;32m  OK  [0m] Reached target System Time Synchronized.
[   16.975738] systemd[1]: Listening on LVM2 poll daemon socket.
[[0;32m  OK  [0m] Listening on LVM2 poll daemon socket.
[   17.030560] systemd[1]: Listening on Journal Socket.
[[0;32m  OK  [0m] Listening on Journal Socket.
[   17.038334] systemd[1]: Starting Set console keymap...
         Starting Set console keymap...
[   17.051294] systemd[1]: Mounting Huge Pages File System...
         Mounting Huge Pages File System...
[   17.163038] systemd[1]: Starting Load Kernel Modules...
         Starting Load Kernel Modules...
[   17.291858] systemd[1]: Starting Uncomplicated firewall...
         Starting Uncomplicated firewall...
[   17.380039] systemd[1]: Starting Create list of required static device nodes for the current kernel...
         Starting Create list of required st... nodes for the current kernel...
[   17.459228] systemd[1]: Mounting POSIX Message Queue File System...
[   17.486725] Loading iSCSI transport class v2.0-870.
         Mounting POSIX Message Queue File System...
[   17.595967] systemd[1]: Starting Nameserver information manager...
         Starting Nameserver information manager...
[   17.663642] systemd[1]: Listening on Device-mapper event daemon FIFOs.
[[0;32m  OK  [0m] Listening on Device-mapper event daemon FIFOs.
[   17.758695] systemd[1]: Starting Journal Service...
         Starting Journal Service...
[   17.784051] systemd[1]: Created slice User and Session Slice.
[[0;32m  OK  [0m] Created slice User and Session Slice.
[   17.801026] systemd[1]: Listening on udev Control Socket.
[[0;32m  OK  [0m] Listening on udev Control Socket.
[   18.074143] systemd[1]: Listening on udev Kernel Socket.
[[0;32m  OK  [0m] Listening on udev Kernel Socket.
[   18.088425] systemd[1]: Starting Remount Root and Kernel File Systems...
[   18.129824] iscsi: registered transport (tcp)
         Starting Remount Root and Kernel File Systems...
[   18.194386] systemd[1]: Mounting Debug File System...
         Mounting Debug File System...
[   18.283113] systemd[1]: Started Trigger resolvconf update for networkd DNS.
[[0;32m  OK  [0m] Started Trigger resolvconf update for networkd DNS.
[   18.319154] systemd[1]: Reached target Slices.
[[0;32m  OK  [0m] Reached target Slices.
[   18.395207] systemd[1]: Starting Monitoring of LVM2 mirrors, snapshots etc. using dmeventd or progress polling...
[   18.410427] EXT4-fs (sda1): re-mounted. Opts: (null)
         Starting Monitoring of LVM2 mirrors... dmeventd or progress polling...
[   18.610205] systemd[1]: Mounted Huge Pages File System.
[[0;32m  OK  [0m] Mounted Huge Pages File System.
[   18.902803] systemd[1]: Mounted POSIX Message Queue File System.
[[0;32m  OK  [0m] Mounted POSIX Message Queue File System.
[   18.906902] systemd[1]: Mounted Debug File System.
[[0;32m  OK  [0m] Mounted Debug File System.
[   18.910758] systemd[1]: Started Journal Service.
[[0;32m  OK  [0m] Started Journal Service.
[[0;32m  OK  [0m] Started Uncomplicated firewall.
[[0;32m  OK  [0m] Started Create list of required sta...ce nodes for the current kernel.
[[0;32m  OK  [0m] Started Remount Root and Kernel File Systems.
[   19.214324] iscsi: registered transport (iser)
[[0;32m  OK  [0m] Started Set console keymap.
[[0;32m  OK  [0m] Started Load Kernel Modules.
[[0;32m  OK  [0m] Started Nameserver information manager.
         Starting Apply Kernel Variables...
         Mounting FUSE Control File System...
[[0;32m  OK  [0m] Started LVM2 metadata daemon.
         Starting udev Coldplug all Devices...
         Starting Load/Save Random Seed...
         Starting Create Static Device Nodes in /dev...
         Starting Flush Journal to Persistent Storage...
[[0;32m  OK  [0m] Mounted FUSE Control File System.
[[0;32m  OK  [0m] Started Apply Kernel Variables.
[[0;32m  OK  [0m] Started Load/Save Random Seed.
[[0;32m  OK  [0m] Started Monitoring of LVM2 mirrors,...ng dmeventd or progress polling.
[[0;32m  OK  [0m] Started Create Static Device Nodes in /dev.
         Starting udev Kernel Device Manager...
[[0;32m  OK  [0m] Reached target Local File Systems (Pre).
[[0;32m  OK  [0m] Reached target Local File Systems.
         Starting Initial cloud-init job (pre-networking)...
         Starting Tell Plymouth To Write Out Runtime Data...
         Starting Set console font and keymap...
         Starting Commit a transient machine-id on disk...
         Starting LSB: AppArmor initialization...
[[0;32m  OK  [0m] Started Flush Journal to Persistent Storage.
[[0;32m  OK  [0m] Started Commit a transient machine-id on disk.
[[0;32m  OK  [0m] Started Tell Plymouth To Write Out Runtime Data.
         Starting Create Volatile Files and Directories...
[[0;32m  OK  [0m] Started udev Coldplug all Devices.
[[0;32m  OK  [0m] Started Create Volatile Files and Directories.
         Starting Update UTMP about System Boot/Shutdown...
[[0;32m  OK  [0m] Started Update UTMP about System Boot/Shutdown.
[[0;32m  OK  [0m] Started udev Kernel Device Manager.
[[0;32m  OK  [0m] Started Dispatch Password Requests to Console Directory Watch.
[[0;32m  OK  [0m] Found device /dev/ttyS0.
[[0;32m  OK  [0m] Listening on Load/Save RF Kill Switch Status /dev/rfkill Watch.
[[0;32m  OK  [0m] Started LSB: AppArmor initialization.
[   33.463077] cloud-init[455]: Cloud-init v. 19.1-1-gbaa47854-0ubuntu1~16.04.1 running 'init-local' at Fri, 23 Aug 2019 16:30:51 +0000. Up 28.66 seconds.
[[0;32m  OK  [0m] Started Initial cloud-init job (pre-networking).
[[0;32m  OK  [0m] Reached target Network (Pre).
         Starting Raise network interfaces...
[[0;32m  OK  [0m] Started Set console font and keymap.
[[0;32m  OK  [0m] Created slice system-getty.slice.
[[0;32m  OK  [0m] Started Raise network interfaces.
         Starting Initial cloud-init job (metadata service crawler)...
[[0;32m  OK  [0m] Reached target Network.
[   45.464483] cloud-init[942]: Cloud-init v. 19.1-1-gbaa47854-0ubuntu1~16.04.1 running 'init' at Fri, 23 Aug 2019 16:31:04 +0000. Up 41.08 seconds.
[   45.474235] cloud-init[942]: ci-info: ++++++++++++++++++++++++++++++++++++++Net device info++++++++++++++++++++++++++++++++++++++
[   45.487738] cloud-init[942]: ci-info: +--------+------+----------------------------+---------------+--------+-------------------+
[   45.557360] cloud-init[942]: ci-info: | Device |  Up  |          Address           |      Mask     | Scope  |     Hw-Address    |
[   45.682986] cloud-init[942]: ci-info: +--------+------+----------------------------+---------------+--------+-------------------+
[   45.706432] cloud-init[942]: ci-info: | enp0s3 | True |         10.0.2.15          | 255.255.255.0 | global | 02:6a:5b:40:72:6f |
[   45.755612] cloud-init[942]: ci-info: | enp0s3 | True | fe80::6a:5bff:fe40:726f/64 |       .       |  link  | 02:6a:5b:40:72:6f |
[   45.787599] cloud-init[942]: ci-info: |   lo   | True |         127.0.0.1          |   255.0.0.0   |  host  |         .         |
[   45.805581] cloud-init[942]: ci-info: |   lo   | True |          ::1/128           |       .       |  host  |         .         |
[[0;32m  OK  [0m] Started Initial cloud-init job (metadata service crawler).
[   45.900129] cloud-init[942]: ci-info: +--------+------+----------------------------+---------------+--------+-------------------+
[   45.955387] cloud-init[942]: ci-info: +++++++++++++++++++++++++++Route IPv4 info++++++++++++++++++++++++++++
[   46.015322] cloud-init[942]: ci-info: +-------+-------------+----------+---------------+-----------+-------+
[   46.023376] [[0;32m  OK  [0m] Reached target Network is Online.
cloud-init[942]: ci-info: | Route | Destination | Gateway  |    Genmask    | Interface | Flags |
[   46.036875] cloud-init[942]: ci-info: +-------+-------------+----------+---------------+-----------+-------+
[   46.041278] cloud-init[942]: ci-info: |   0   |   0.0.0.0   | 10.0.2.2 |    0.0.0.0    |   enp0s3  |   UG  |
         Starting iSCSI initiator daemon (iscsid)...
[[0;32m  OK  [0m] Reached target System Initialization.
[   46.051810] cloud-init[942]: ci-info: |   1   |   10.0.2.0  | 0.0.0.0  | 255.255.255.0 |   enp0s3  |   U   |
[   46.082178] cloud-init[942]: ci-info: +-------+-------------+----------+---------------+-----------+-------+         Starting Socket activation for snappy daemon.
[[0;32m  OK  [0m] Started Daily Cleanup of Temporary Directories.
[[0;32m  OK  [0m] Listening on UUID daemon activation socket.
[[0;32m  OK  [0m] Listening on D-Bus System Message Bus Socket.

[   46.160645] cloud-init[942]: ci-info: +++++++++++++++++++Route IPv6 info+++++++++++++++++++
         Starting LXD - unix socket.
[[0;32m  OK  [0m] Started Daily apt download activities.
[   46.175521] [[0;32m  OK  [0m] Started Daily apt upgrade and clean activities.
[[0;32m  OK  [0m] Reached target Timers.
[[0;32m  OK  [0m] Listening on ACPID Listen Socket.
cloud-init[942]: ci-info: +-------+-------------+---------+-----------+-------+
[[0;32m  OK  [0m] Started ACPI Events Check.[   46.294711] cloud-init[942]: ci-info: | Route | Destination | Gateway | Interface | Flags |

[[0;32m  OK  [0m] Reached target Paths.
[[0;32m  OK  [0m] Reached target Cloud-config availability.[   46.308758] cloud-init[942]: ci-info: +-------+-------------+---------+-----------+-------+
[   46.312100] 
cloud-init[942]: ci-info: |   0   |  fe80::/64  |    ::   |   enp0s3  |   U   |
[[0;32m  OK  [0m] Listening on Socket activation for snappy daemon.
[[0;32m  OK  [0m] Listening on LXD - unix socket.
[   46.380388] cloud-init[942]: ci-info: |   4   |   ff00::/8  |    ::   |   enp0s3  |   U   |
[[0;32m  OK  [0m] Started iSCSI initiator daemon (iscsid).
[   46.405373] cloud-init[942]: ci-info: +-------+-------------+---------+-----------+-------+
[   46.420333] cloud-init[942]: Generating public/private rsa key pair.         Starting Login to default iSCSI targets...
[[0;32m  OK  [0m] Reached target Sockets.
[[0;32m  OK  [0m] Reached target Basic System.

[   46.582185] cloud-init[942]: Your identification has been saved in /etc/ssh/ssh_host_rsa_key.
[   46.586396] cloud-init[942]: Your public key has been saved in /etc/ssh/ssh_host_rsa_key.pub.         Starting Accounts Service...

[   46.617070] cloud-init[942]: The key fingerprint is:
[   46.697698] cloud-init[[0;32m  OK  [0m] Started ACPI event daemon.
[942]: SHA256:2B383EaW9zEbhruIWRfPjoRd8M2u8UrigTkqRYYSUpg root@ubuntu-xenial
[   46.710951] cloud-init[942]: The key's randomart image is:
[   46.726552] cloud-init[942]: +---[RSA 2048]----+
         [   46.793534] cloud-init[942]: |   +.        .   |
[   46.793775] cloud-init[942]: |  E .    .    +o.|
[   46.793997] cloud-init[942]: |   . . .  o  o+B+|
[   46.794226] cloud-init[942]: |    . .oo. +o+Bo*|
[   46.795097] cloud-init[942]: |     ..oS .oo=++o|
[   46.795328] cloud-init[942]: |        . +o+.++ |
[   46.795553] cloud-init[942]: |       . o+.ooo..|
[   46.795781] cloud-init[942]: |      .  . o + . |
[   46.796006] cloud-init[942]: |       ..   . .  |
[   46.796295] cloud-init[942]: +----[SHA256]-----+
[   46.796520] cloud-init[942]: Generating public/private dsa key pair.
[   46.796743] cloud-init[942]: Your identification has been saved in /etc/ssh/ssh_host_dsa_key.
[   46.796968] cloud-init[942]: Your public key has been saved in /etc/ssh/ssh_host_dsa_key.pub.
[   46.797194] cloud-init[942]: The key fingerprint is:
[   46.797415] cloud-init[942]: SHA256:aR9QSiSLNBotEJo4fWM+rSvimGP5ltCTUJhVIYmAzKM root@ubuntu-xenial
[   46.797638] cloud-init[942]: The key's randomart image is:
[   46.797863] cloud-init[942]: +---[DSA 1024]----+
[   46.798086] cloud-init[942]: |Oo*+=oo.o .      |
Starting Virtualbox guest utils...
         Starting LXD - container startup/shutdown...
         Starting LSB: Record successful boot for GRUB...
[   46.819948] cloud-init[942]: |+X.*oo + o       |
[   47.037841] cloud-init[942]: |* =.= . o        |         Starting Pollinate to seed the pseudo random number generator...

         Starting /etc/rc.local Compatibility...
[[0;32m  OK  [0m] Started FUSE filesystem for LXC.
[   47.140512] cloud-init[942]: |Eo + o   o       |
[[0;32m  OK  [0m] Started D-Bus System Message Bus.
[   47.232394] cloud-init[942]: |  o + . S .      |
[   47.417046] cloud-init[942]: | . + o . . .     |
[   47.422559] cloud-init[942]: |  o +     .      |
[   47.432778] cloud-init[942]: |++.o .           |
[   47.455932] cloud-init[942]: |=+oo.            |
[   47.524467] cloud-init[942]: +----[SHA256]-----+
[   47.526844] cloud-init[942]: Generating public/private ecdsa key pair.
[   47.535738] cloud-init[942]: Your identification has been saved in /etc/ssh/ssh_host_ecdsa_key.
[   47.550506] cloud-init[942]: Your public key has been saved in /etc/ssh/ssh_host_ecdsa_key.pub.
[   47.623705] cloud-init[942]: The key fingerprint is:
[   47.644522] cloud-init[942]: SHA256:7qTgWCdAA62tifT02eKmoWOlNoOoWkiP/L3OVhpGY10 root@ubuntu-xenial
[   47.654848] cloud-init[942]: The key's randomart image is:
[   47.661189] cloud-init[942]: +---[ECDSA 256]---+
[   47.664140] cloud-init[942]: |..               |
[   47.741823] cloud-init[942]: | ..      E       |
[   47.767429] cloud-init[942]: | oo   . .        |
[   47.774135] cloud-init[942]: |.o.o + .         |
[   47.828404] cloud-init[942]: |o++ + + S        |
[   47.833441] cloud-init[942]: |*.o+ * +         |
[   47.844849] cloud-init[942]: |+o+o* * o        |
[   47.857909] cloud-init[942]: |oOo++O +         |
[   47.862874] cloud-init[942]: |B.=o*=o .        |
[   47.866791] cloud-init[942]: +----[SHA256]-----+
[   47.876302] cloud-init[942]: Generating public/private ed25519 key pair.
[   48.017558] cloud-init[942]: Your identification has been saved in /etc/ssh/ssh_host_ed25519_key.
[   48.065187] cloud-init[942]: Your public key has been saved in /etc/ssh/ssh_host_ed25519_key.pub.
[   48.123429] cloud-init[942]: The key fingerprint is:
[   48.126085] cloud-init[942]: SHA256:23/CZjQHejH5wdF+F5XgZkQQJ7H65aoXy2xI4z7fm2U root@ubuntu-xenial
[   48.133308] cloud-init[942]: The key's randomart image is:
[   48.149072] cloud-init[942]: +--[ED25519 256]--+
[   48.158070] cloud-init[942]: |           ===..+|
         Starting System Logging Service...
[   48.273091] cloud-init[942]: |            * .o.|         
[   48.327564] cloud-init[942]: |           . * o.|
[   48.327793] cloud-init[942]: |          . B o +|
[   48.328011] cloud-init[942]: |        S. . * .o|
[   48.328225] cloud-init[942]: |         =o.* o  |
[   48.328444] cloud-init[942]: |        + *=o+ E |
[   48.328671] cloud-init[942]: |         + BB =  |
[   48.332755] cloud-init[942]: |        .o*=.*.  |
[   48.332983] cloud-init[942]: +----[SHA256]-----+
Starting Login Service...
         Starting LSB: MD monitoring daemon...
[[0;32m  OK  [0m] Started Deferred execution scheduler.
[[0;32m  OK  [0m] Started Regular background program processing daemon.
         Starting Snappy daemon...
[[0;32m  OK  [0m] Started /etc/rc.local Compatibility.
[[0;32m  OK  [0m] Started System Logging Service.
[[0;32m  OK  [0m] Started Login Service.
[[0;32m  OK  [0m] Started Unattended Upgrades Shutdown.
[[0;32m  OK  [0m] Started Login to default iSCSI targets.
[[0;32m  OK  [0m] Reached target Remote File Systems (Pre).
[[0;32m  OK  [0m] Reached target Remote File Systems.
         Starting LSB: Set the CPU Frequency Scaling governor to "ondemand"...
         Starting LSB: automatic crash report generation...
         Starting LSB: daemon to balance interrupts for SMP systems...
         Starting Permit User Sessions...
[[0;32m  OK  [0m] Started LXD - container startup/shutdown.
[[0;32m  OK  [0m] Started LSB: Record successful boot for GRUB.
[[0;32m  OK  [0m] Started Permit User Sessions.
         Starting Authenticate and Authorize Users to Run Privileged Tasks...
         Starting Terminate Plymouth Boot Screen...
         Starting Hold until boot process finishes up...
[[0;32m  OK  [0m] Started Hold until boot process finishes up.
[[0;32m  OK  [0m] Started Terminate Plymouth Boot Screen.
[[0;32m  OK  [0m] Started Serial Getty on ttyS0.
         Starting Set console scheme...
[[0;32m  OK  [0m] Started Getty on tty1.
[[0;32m  OK  [0m] Reached target Login Prompts.
[[0;32m  OK  [0m] Started Set console scheme.
[[0;32m  OK  [0m] Started LSB: Set the CPU Frequency Scaling governor to "ondemand".
[[0;32m  OK  [0m] Started LSB: MD monitoring daemon.
[[0;32m  OK  [0m] Started Authenticate and Authorize Users to Run Privileged Tasks.
[[0;32m  OK  [0m] Started Accounts Service.
[[0;32m  OK  [0m] Started LSB: daemon to balance interrupts for SMP systems.
[[0;32m  OK  [0m] Started LSB: automatic crash report generation.
[[0;32m  OK  [0m] Started Virtualbox guest utils.
[[0;32m  OK  [0m] Started Snappy daemon.
         Starting Wait until snapd is fully seeded...
[[0;32m  OK  [0m] Started Pollinate to seed the pseudo random number generator.
         Starting OpenBSD Secure Shell server...
[[0;32m  OK  [0m] Started OpenBSD Secure Shell server.
[[0;32m  OK  [0m] Created slice User Slice of vagrant.
         Starting User Manager for UID 1000...

Ubuntu 16.04.6 LTS ubuntu-xenial ttyS0

ubuntu-xenial login: [   64.737078] cloud-init[1414]: Generating locales (this might take a while)...
[   72.035795] cloud-init[1414]:   en_US.UTF-8... done
[   72.041501] cloud-init[1414]: Generation complete.
[   76.326792] cloud-init[1414]: Cloud-init v. 19.1-1-gbaa47854-0ubuntu1~16.04.1 running 'modules:config' at Fri, 23 Aug 2019 16:31:26 +0000. Up 63.40 seconds.
ci-info: no authorized ssh keys fingerprints found for user ubuntu.
<14>Aug 23 16:31:42 ec2: 
<14>Aug 23 16:31:42 ec2: #############################################################
<14>Aug 23 16:31:42 ec2: -----BEGIN SSH HOST KEY FINGERPRINTS-----
<14>Aug 23 16:31:42 ec2: 1024 SHA256:aR9QSiSLNBotEJo4fWM+rSvimGP5ltCTUJhVIYmAzKM root@ubuntu-xenial (DSA)
<14>Aug 23 16:31:42 ec2: 256 SHA256:7qTgWCdAA62tifT02eKmoWOlNoOoWkiP/L3OVhpGY10 root@ubuntu-xenial (ECDSA)
<14>Aug 23 16:31:42 ec2: 256 SHA256:23/CZjQHejH5wdF+F5XgZkQQJ7H65aoXy2xI4z7fm2U root@ubuntu-xenial (ED25519)
<14>Aug 23 16:31:42 ec2: 2048 SHA256:2B383EaW9zEbhruIWRfPjoRd8M2u8UrigTkqRYYSUpg root@ubuntu-xenial (RSA)
<14>Aug 23 16:31:42 ec2: -----END SSH HOST KEY FINGERPRINTS-----
<14>Aug 23 16:31:42 ec2: #############################################################
-----BEGIN SSH HOST KEY KEYS-----
ecdsa-sha2-nistp256 AAAAE2VjZHNhLXNoYTItbmlzdHAyNTYAAAAIbmlzdHAyNTYAAABBBMst4fH/Hs06DiTvcNMoeXCH+p+aJZ+eWBcuIXjpOIl08PsTo+e9istTfPMpH5QEi2d43ThPVYMPKwWjAuN8fGU= root@ubuntu-xenial
ssh-ed25519 AAAAC3NzaC1lZDI1NTE5AAAAIJDeJzM6PrVKFjCbVoE9TKdlYRhWf4tplgkoWO1TnaHg root@ubuntu-xenial
ssh-rsa AAAAB3NzaC1yc2EAAAADAQABAAABAQCtBp+nJPqdUBOicYm4SOE6RBRivAFoNPBfUNOdcuyUdg5dDezUBiFbWs6YhdZa/20tUOmkC+fsdtGr5KC8SfLKsMuV/HXGc31x0IoapzJKRr1IhHJWkHKTjve5W2QRyxUexV18K/a50w0/dzgCi9v4g8y+TLibi/E1hFwMOvVCmSxpOYST1wtuk2Fv+ysMkXHFZrozI4aCjmB1LqtKjcREH6yIRLOORaUJ3QUYfm85rszengNYgl4MHa+GbM6BoKT7Qi11jcMAU6I1fmuyoTETsAjHiecjWo9HdlIpVyORWnmERI0U31s4gAAL1wGddHaaunu9WpxGcgl/lbb7hy3J root@ubuntu-xenial
-----END SSH HOST KEY KEYS-----
[   80.368297] cloud-init[1599]: Cloud-init v. 19.1-1-gbaa47854-0ubuntu1~16.04.1 running 'modules:final' at Fri, 23 Aug 2019 16:31:41 +0000. Up 78.92 seconds.
[   80.369767] cloud-init[1599]: ci-info: no authorized ssh keys fingerprints found for user ubuntu.
[   80.370444] cloud-init[1599]: Cloud-init v. 19.1-1-gbaa47854-0ubuntu1~16.04.1 finished at Fri, 23 Aug 2019 16:31:43 +0000. Datasource DataSourceNoCloud [seed=/dev/sdb][dsmode=net].  Up 80.27 seconds
