[    0.000000] Initializing cgroup subsys cpuset
[    0.000000] Initializing cgroup subsys cpu
[    0.000000] Initializing cgroup subsys cpuacct
[    0.000000] Linux version 4.4.0-159-generic (buildd@lgw01-amd64-042) (gcc version 5.4.0 20160609 (Ubuntu 5.4.0-6ubuntu1~16.04.10) ) #187-Ubuntu SMP Thu Aug 1 16:28:06 UTC 2019 (Ubuntu 4.4.0-159.187-generic 4.4.185)
[    0.000000] Command line: BOOT_IMAGE=/boot/vmlinuz-4.4.0-159-generic root=LABEL=cloudimg-rootfs ro console=tty1 console=ttyS0
[    0.000000] KERNEL supported cpus:
[    0.000000]   Intel GenuineIntel
[    0.000000]   AMD AuthenticAMD
[    0.000000]   Centaur CentaurHauls
[    0.000000] x86/fpu: Legacy x87 FPU detected.
[    0.000000] e820: BIOS-provided physical RAM map:
[    0.000000] BIOS-e820: [mem 0x0000000000000000-0x000000000009fbff] usable
[    0.000000] BIOS-e820: [mem 0x000000000009fc00-0x000000000009ffff] reserved
[    0.000000] BIOS-e820: [mem 0x00000000000f0000-0x00000000000fffff] reserved
[    0.000000] BIOS-e820: [mem 0x0000000000100000-0x000000002cfeffff] usable
[    0.000000] BIOS-e820: [mem 0x000000002cff0000-0x000000002cffffff] ACPI data
[    0.000000] BIOS-e820: [mem 0x00000000fec00000-0x00000000fec00fff] reserved
[    0.000000] BIOS-e820: [mem 0x00000000fee00000-0x00000000fee00fff] reserved
[    0.000000] BIOS-e820: [mem 0x00000000fffc0000-0x00000000ffffffff] reserved
[    0.000000] NX (Execute Disable) protection: active
[    0.000000] SMBIOS 2.5 present.
[    0.000000] Hypervisor detected: KVM
[    0.000000] e820: last_pfn = 0x2cff0 max_arch_pfn = 0x400000000
[    0.000000] MTRR: Disabled
[    0.000000] x86/PAT: MTRRs disabled, skipping PAT initialization too.
[    0.000000] CPU MTRRs all blank - virtualized system.
[    0.000000] x86/PAT: Configuration [0-7]: WB  WT  UC- UC  WB  WT  UC- UC  
[    0.000000] found SMP MP-table at [mem 0x0009fff0-0x0009ffff] mapped at [ffff88000009fff0]
[    0.000000] Scanning 1 areas for low memory corruption
[    0.000000] RAMDISK: [mem 0x2b961000-0x2c7dcfff]
[    0.000000] ACPI: Early table checksum verification disabled
[    0.000000] ACPI: RSDP 0x00000000000E0000 000024 (v02 VBOX  )
[    0.000000] ACPI: XSDT 0x000000002CFF0030 00003C (v01 VBOX   VBOXXSDT 00000001 ASL  00000061)
[    0.000000] ACPI: FACP 0x000000002CFF00F0 0000F4 (v04 VBOX   VBOXFACP 00000001 ASL  00000061)
[    0.000000] ACPI: DSDT 0x000000002CFF0470 0021FF (v02 VBOX   VBOXBIOS 00000002 INTL 20180105)
[    0.000000] ACPI: FACS 0x000000002CFF0200 000040
[    0.000000] ACPI: FACS 0x000000002CFF0200 000040
[    0.000000] ACPI: APIC 0x000000002CFF0240 000054 (v02 VBOX   VBOXAPIC 00000001 ASL  00000061)
[    0.000000] ACPI: SSDT 0x000000002CFF02A0 0001CC (v01 VBOX   VBOXCPUT 00000002 INTL 20180105)
[    0.000000] No NUMA configuration found
[    0.000000] Faking a node at [mem 0x0000000000000000-0x000000002cfeffff]
[    0.000000] NODE_DATA(0) allocated [mem 0x2cfeb000-0x2cfeffff]
[    0.000000] kvm-clock: Using msrs 4b564d01 and 4b564d00
[    0.000000] kvm-clock: cpu 0, msr 0:2cfe3001, primary cpu clock
[    0.000000] kvm-clock: using sched offset of 7527921709 cycles
[    0.000000] clocksource: kvm-clock: mask: 0xffffffffffffffff max_cycles: 0x1cd42e4dffb, max_idle_ns: 881590591483 ns
[    0.000000] Zone ranges:
[    0.000000]   DMA      [mem 0x0000000000001000-0x0000000000ffffff]
[    0.000000]   DMA32    [mem 0x0000000001000000-0x000000002cfeffff]
[    0.000000]   Normal   empty
[    0.000000]   Device   empty
[    0.000000] Movable zone start for each node
[    0.000000] Early memory node ranges
[    0.000000]   node   0: [mem 0x0000000000001000-0x000000000009efff]
[    0.000000]   node   0: [mem 0x0000000000100000-0x000000002cfeffff]
[    0.000000] Initmem setup node 0 [mem 0x0000000000001000-0x000000002cfeffff]
[    0.000000] ACPI: PM-Timer IO Port: 0x4008
[    0.000000] IOAPIC[0]: apic_id 1, version 32, address 0xfec00000, GSI 0-23
[    0.000000] ACPI: INT_SRC_OVR (bus 0 bus_irq 0 global_irq 2 dfl dfl)
[    0.000000] ACPI: INT_SRC_OVR (bus 0 bus_irq 9 global_irq 9 low level)
[    0.000000] Using ACPI (MADT) for SMP configuration information
[    0.000000] smpboot: Allowing 1 CPUs, 0 hotplug CPUs
[    0.000000] PM: Registered nosave memory: [mem 0x00000000-0x00000fff]
[    0.000000] PM: Registered nosave memory: [mem 0x0009f000-0x0009ffff]
[    0.000000] PM: Registered nosave memory: [mem 0x000a0000-0x000effff]
[    0.000000] PM: Registered nosave memory: [mem 0x000f0000-0x000fffff]
[    0.000000] e820: [mem 0x2d000000-0xfebfffff] available for PCI devices
[    0.000000] Booting paravirtualized kernel on KVM
[    0.000000] clocksource: refined-jiffies: mask: 0xffffffff max_cycles: 0xffffffff, max_idle_ns: 7645519600211568 ns
[    0.000000] setup_percpu: NR_CPUS:512 nr_cpumask_bits:512 nr_cpu_ids:1 nr_node_ids:1
[    0.000000] PERCPU: Embedded 34 pages/cpu @ffff88002cc00000 s99544 r8192 d31528 u2097152
[    0.000000] Built 1 zonelists in Node order, mobility grouping on.  Total pages: 181304
[    0.000000] Policy zone: DMA32
[    0.000000] Kernel command line: BOOT_IMAGE=/boot/vmlinuz-4.4.0-159-generic root=LABEL=cloudimg-rootfs ro console=tty1 console=ttyS0
[    0.000000] PID hash table entries: 4096 (order: 3, 32768 bytes)
[    0.000000] Memory: 690660K/736824K available (8618K kernel code, 1335K rwdata, 4032K rodata, 1488K init, 1284K bss, 46164K reserved, 0K cma-reserved)
[    0.000000] SLUB: HWalign=64, Order=0-3, MinObjects=0, CPUs=1, Nodes=1
[    0.000000] Kernel/User page tables isolation: enabled
[    0.000000] Hierarchical RCU implementation.
[    0.000000] 	Build-time adjustment of leaf fanout to 64.
[    0.000000] 	RCU restricting CPUs from NR_CPUS=512 to nr_cpu_ids=1.
[    0.000000] RCU: Adjusting geometry for rcu_fanout_leaf=64, nr_cpu_ids=1
[    0.000000] NR_IRQS:33024 nr_irqs:256 16
[    0.000000] Console: colour VGA+ 80x25
[    0.000000] console [tty1] enabled
[    0.000000] console [ttyS0] enabled
[    0.000000] tsc: Detected 2992.498 MHz processor
[    0.822556] Calibrating delay loop (skipped) preset value.. 5984.99 BogoMIPS (lpj=11969992)
[    0.825664] pid_max: default: 32768 minimum: 301
[    0.827239] ACPI: Core revision 20150930
[    0.853812] ACPI: 2 ACPI AML tables successfully acquired and loaded
[    0.856073] Security Framework initialized
[    0.857539] Yama: becoming mindful.
[    0.859051] AppArmor: AppArmor initialized
[    0.860659] Dentry cache hash table entries: 131072 (order: 8, 1048576 bytes)
[    0.914311] Inode-cache hash table entries: 65536 (order: 7, 524288 bytes)
[    0.916613] Mount-cache hash table entries: 2048 (order: 2, 16384 bytes)
[    0.918669] Mountpoint-cache hash table entries: 2048 (order: 2, 16384 bytes)
[    0.921291] Initializing cgroup subsys io
[    0.922778] Initializing cgroup subsys memory
[    0.924307] Initializing cgroup subsys devices
[    0.925852] Initializing cgroup subsys freezer
[    0.927429] Initializing cgroup subsys net_cls
[    0.946041] Initializing cgroup subsys perf_event
[    0.947651] Initializing cgroup subsys net_prio
[    0.949242] Initializing cgroup subsys hugetlb
[    0.950786] Initializing cgroup subsys pids
[    1.017225] mce: CPU supports 0 MCE banks
[    1.018714] process: using mwait in idle threads
[    1.020335] Last level iTLB entries: 4KB 128, 2MB 4, 4MB 4
[    1.028956] Last level dTLB entries: 4KB 256, 2MB 0, 4MB 32, 1GB 0
[    1.030891] SpectreVV1 : Mitigation: usercopy/swapgs barriers and __user pointer sanitization
[    1.119446] Spectre V2 : Mitigation: Full generic retpoline
[    1.121283] Spectre V2 : Spectre v2 / SpectreRSB mitigation: Filling RSB on context switch
[    1.124172] Speculative Store Bypass: Vulnerable
[    1.126555] MDS: Vulnerable: Clear CPU buffers attempted, no microcode
[    1.767670] Freeing SMP alternatives memory: 36K
[    1.790072] ftrace: allocating 32318 entries in 127 pages
[    1.960854] smpboot: APIC(0) Converting physical 0 to logical package 0
[    1.974633] smpboot: Max logical packages: 1
[    2.053669] x2apic enabled
[    2.055351] Switched APIC routing to physical x2apic.
[    2.059367] ..TIMER: vector=0x30 apic1=0 pin1=2 apic2=-1 pin2=-1
[    2.064697] APIC calibration not consistent with PM-Timer: 200ms instead of 100ms
[    2.067367] APIC delta adjusted to PM-Timer: 6249989 (12500712)
[    2.069298] smpboot: CPU0: Intel(R) Core(TM)2 Duo CPU     E8400  @ 3.00GHz (family: 0x6, model: 0x17, stepping: 0xa)
[    2.072977] Performance Events: unsupported p6 CPU model 23 no PMU driver, software events only.
[    2.269437] KVM setup paravirtual spinlock
[    2.274121] x86: Booted up 1 node, 1 CPUs
[    2.275584] smpboot: Total of 1 processors activated (5984.99 BogoMIPS)
[    2.278107] devtmpfs: initialized
[    2.284799] evm: security.selinux
[    2.286122] evm: security.SMACK64
[    2.287405] evm: security.SMACK64EXEC
[    2.288765] evm: security.SMACK64TRANSMUTE
[    2.290220] evm: security.SMACK64MMAP
[    2.291588] evm: security.ima
[    2.292782] evm: security.capability
[    2.294269] clocksource: jiffies: mask: 0xffffffff max_cycles: 0xffffffff, max_idle_ns: 7645041785100000 ns
[    2.297848] futex hash table entries: 256 (order: 2, 16384 bytes)
[    2.299893] pinctrl core: initialized pinctrl subsystem
[    2.301795] RTC time: 17:11:18, date: 08/23/19
[    2.303620] NET: Registered protocol family 16
[    2.305417] cpuidle: using governor ladder
[    2.306919] cpuidle: using governor menu
[    2.308325] PCCT header not found.
[    2.309684] ACPI: bus type PCI registered
[    2.311120] acpiphp: ACPI Hot Plug PCI Controller Driver version: 0.5
[    2.363983] PCI: Using configuration type 1 for base access
[    2.367357] ACPI: Added _OSI(Module Device)
[    2.368855] ACPI: Added _OSI(Processor Device)
[    2.403547] ACPI: Added _OSI(3.0 _SCP Extensions)
[    2.469819] ACPI: Added _OSI(Processor Aggregator Device)
[    2.472380] ACPI: Executed 1 blocks of module-level executable AML code
[    2.476954] ACPI: Interpreter enabled
[    2.478326] ACPI: (supports S0 S5)
[    2.479649] ACPI: Using IOAPIC for interrupt routing
[    2.573063] PCI: Using host bridge windows from ACPI; if necessary, use "pci=nocrs" and report a bug
[    2.580937] ACPI: PCI Root Bridge [PCI0] (domain 0000 [bus 00-ff])
[    2.582909] acpi PNP0A03:00: _OSC: OS supports [ASPM ClockPM Segments MSI]
[    2.585022] acpi PNP0A03:00: _OSC: not requesting OS control; OS requires [ExtendedConfig ASPM ClockPM MSI]
[    2.588221] acpi PNP0A03:00: fail to add MMCONFIG information, can't access extended PCI configuration space under this bridge.
[    2.592189] PCI host bridge to bus 0000:00
[    2.593650] pci_bus 0000:00: root bus resource [io  0x0000-0x0cf7 window]
[    2.595722] pci_bus 0000:00: root bus resource [io  0x0d00-0xffff window]
[    2.598125] pci_bus 0000:00: root bus resource [mem 0x000a0000-0x000bffff window]
[    2.600821] pci_bus 0000:00: root bus resource [mem 0x2d000000-0xfdffffff window]
[    2.604028] pci_bus 0000:00: root bus resource [bus 00-ff]
[    2.705337] pci 0000:00:01.1: legacy IDE quirk: reg 0x10: [io  0x01f0-0x01f7]
[    2.707509] pci 0000:00:01.1: legacy IDE quirk: reg 0x14: [io  0x03f6]
[    2.709517] pci 0000:00:01.1: legacy IDE quirk: reg 0x18: [io  0x0170-0x0177]
[    2.711682] pci 0000:00:01.1: legacy IDE quirk: reg 0x1c: [io  0x0376]
[    2.786949] pci 0000:00:07.0: quirk: [io  0x4000-0x403f] claimed by PIIX4 ACPI
[    2.823921] pci 0000:00:07.0: quirk: [io  0x4100-0x410f] claimed by PIIX4 SMB
[    2.885142] ACPI: PCI Interrupt Link [LNKA] (IRQs 5 9 10 *11)
[    3.006570] ACPI: PCI Interrupt Link [LNKB] (IRQs 5 9 *10 11)
[    3.009097] ACPI: PCI Interrupt Link [LNKC] (IRQs 5 *9 10 11)
[    3.011623] ACPI: PCI Interrupt Link [LNKD] (IRQs 5 9 10 *11)
[    3.014234] ACPI: Enabled 2 GPEs in block 00 to 07
[    3.017172] vgaarb: setting as boot device: PCI:0000:00:02.0
[    3.018999] vgaarb: device added: PCI:0000:00:02.0,decodes=io+mem,owns=io+mem,locks=none
[    3.021875] vgaarb: loaded
[    3.023024] vgaarb: bridge control possible 0000:00:02.0
[    3.025421] SCSI subsystem initialized
[    3.027212] ACPI: bus type USB registered
[    3.028734] usbcore: registered new interface driver usbfs
[    3.092507] usbcore: registered new interface driver hub
[    3.094276] usbcore: registered new device driver usb
[    3.096268] PCI: Using ACPI for IRQ routing
[    3.098523] NetLabel: Initializing
[    3.232065] NetLabel:  domain hash size = 128
[    3.302660] NetLabel:  protocols = UNLABELED CIPSOv4
[    3.304395] NetLabel:  unlabeled traffic allowed by default
[    3.306595] amd_nb: Cannot enumerate AMD northbridges
[    3.308394] clocksource: Switched to clocksource kvm-clock
[    3.322538] AppArmor: AppArmor Filesystem Enabled
[    3.401254] pnp: PnP ACPI init
[    3.404465] pnp: PnP ACPI: found 3 devices
[    3.413760] clocksource: acpi_pm: mask: 0xffffff max_cycles: 0xffffff, max_idle_ns: 2085701024 ns
[    3.419492] NET: Registered protocol family 2
[    3.423234] TCP established hash table entries: 8192 (order: 4, 65536 bytes)
[    3.425504] TCP bind hash table entries: 8192 (order: 5, 131072 bytes)
[    3.427644] TCP: Hash tables configured (established 8192 bind 8192)
[    3.429773] UDP hash table entries: 512 (order: 2, 16384 bytes)
[    3.431760] UDP-Lite hash table entries: 512 (order: 2, 16384 bytes)
[    3.513034] NET: Registered protocol family 1
[    3.514749] pci 0000:00:00.0: Limiting direct PCI/PCI transfers
[    3.529481] pci 0000:00:01.0: Activating ISA DMA hang workarounds
[    3.541808] Unpacking initramfs...
[    4.044494] Freeing initrd memory: 14832K
[    4.133752] clocksource: tsc: mask: 0xffffffffffffffff max_cycles: 0x2b2296bc2b9, max_idle_ns: 440795321505 ns
[    4.137058] platform rtc_cmos: registered platform RTC device (no PNP device found)
[    4.139916] Scanning for low memory corruption every 60 seconds
[    4.142207] audit: initializing netlink subsys (disabled)
[    4.143995] audit: type=2000 audit(1566580287.400:1): initialized
[    4.162723] Initialise system trusted keyring
[    4.164397] HugeTLB registered 2 MB page size, pre-allocated 0 pages
[    4.168218] zbud: loaded
[    4.169672] VFS: Disk quotas dquot_6.6.0
[    4.171150] VFS: Dquot-cache hash table entries: 512 (order 0, 4096 bytes)
[    4.173578] squashfs: version 4.0 (2009/01/31) Phillip Lougher
[    4.176552] fuse init (API version 7.23)
[    4.178178] Key type big_key registered
[    4.179603] Allocating IMA MOK and blacklist keyrings.
[    4.181760] Key type asymmetric registered
[    4.242156] Asymmetric key parser 'x509' registered
[    4.243864] Block layer SCSI generic (bsg) driver version 0.4 loaded (major 249)
[    4.262891] io scheduler noop registered
[    4.264309] io scheduler deadline registered (default)
[    4.266124] io scheduler cfq registered
[    4.267962] pci_hotplug: PCI Hot Plug PCI Core version: 0.5
[    4.338220] pciehp: PCI Express Hot Plug Controller Driver version: 0.4
[    4.340482] ACPI: AC Adapter [AC] (on-line)
[    4.342029] input: Power Button as /devices/LNXSYSTM:00/LNXPWRBN:00/input/input0
[    4.344667] ACPI: Power Button [PWRF]
[    4.362327] input: Sleep Button as /devices/LNXSYSTM:00/LNXSLPBN:00/input/input1
[    4.364974] ACPI: Sleep Button [SLPF]
[    4.366586] GHES: HEST is not enabled!
[    4.442960] Serial: 8250/16550 driver, 32 ports, IRQ sharing enabled
[    4.468219] 00:02: ttyS0 at I/O 0x3f8 (irq = 4, base_baud = 115200) is a 16550A
[    4.475199] Linux agpgart interface v0.103
[    4.478824] loop: module loaded
[    4.481030] scsi host0: ata_piix
[    4.482409] scsi host1: ata_piix
[    4.483714] ata1: PATA max UDMA/33 cmd 0x1f0 ctl 0x3f6 bmdma 0xd000 irq 14
[    4.601922] ata2: PATA max UDMA/33 cmd 0x170 ctl 0x376 bmdma 0xd008 irq 15
[    4.651058] libphy: Fixed MDIO Bus: probed
[    4.753210] tun: Universal TUN/TAP device driver, 1.6
[    4.754879] tun: (C) 1999-2004 Max Krasnyansky <maxk@qualcomm.com>
[    4.756859] PPP generic driver version 2.4.2
[    4.758490] ehci_hcd: USB 2.0 'Enhanced' Host Controller (EHCI) Driver
[    4.760496] ehci-pci: EHCI PCI platform driver
[    4.762076] ehci-platform: EHCI generic platform driver
[    4.763796] ohci_hcd: USB 1.1 'Open' Host Controller (OHCI) Driver
[    4.862805] ohci-pci: OHCI PCI platform driver
[    4.864368] ohci-platform: OHCI generic platform driver
[    4.866116] uhci_hcd: USB Universal Host Controller Interface driver
[    4.868429] i8042: PNP: PS/2 Controller [PNP0303:PS2K,PNP0f03:PS2M] at 0x60,0x64 irq 1,12
[    4.871997] serio: i8042 KBD port at 0x60,0x64 irq 1
[    4.873680] serio: i8042 AUX port at 0x60,0x64 irq 12
[    4.875499] mousedev: PS/2 mouse device common for all mice
[    4.877728] input: AT Translated Set 2 keyboard as /devices/platform/i8042/serio0/input/input2
[    4.881075] rtc_cmos rtc_cmos: rtc core: registered rtc_cmos as rtc0
[    4.883133] rtc_cmos rtc_cmos: alarms up to one day, 114 bytes nvram
[    4.885503] i2c /dev entries driver
[    4.886900] device-mapper: uevent: version 1.0.3
[    4.888551] device-mapper: ioctl: 4.34.0-ioctl (2015-10-28) initialised: dm-devel@redhat.com
[    4.891515] ledtrig-cpu: registered to indicate activity on CPUs
[    4.893809] NET: Registered protocol family 10
[    4.895702] NET: Registered protocol family 17
[    4.897291] Key type dns_resolver registered
[    4.899071] registered taskstats version 1
[    4.900549] Loading compiled-in X.509 certificates
[    4.993149] Loaded X.509 cert 'Build time autogenerated kernel key: d14182f9795b80ec340f636a5a08bf5817ccd8e7'
[    4.996451] zswap: loaded using pool lzo/zbud
[    5.009930] Key type trusted registered
[    5.176876] Key type encrypted registered
[    5.182680] AppArmor: AppArmor sha1 policy hashing enabled
[    5.184468] ima: No TPM chip found, activating TPM-bypass!
[    5.202461] ima: Allocated hash algorithm: sha1
[    5.204049] evm: HMAC attrs: 0x1
[    5.205681]   Magic number: 15:161:189
[    5.207167] rtc_cmos rtc_cmos: setting system clock to 2019-08-23 17:11:21 UTC (1566580281)
[    5.210147] BIOS EDD facility v0.16 2004-Jun-25, 0 devices found
[    5.212064] EDD information not available.
[    5.218503] Freeing unused kernel memory: 1488K
[    5.300435] Write protecting the kernel read-only data: 14336k
[    5.324891] Freeing unused kernel memory: 1608K
[    5.382957] Freeing unused kernel memory: 64K
Loading, please wait...
starting version[    5.616694] random: systemd-udevd: uninitialized urandom read (16 bytes read, 4 bits of entropy available)
 229
[    5.634899] random: udevadm: uninitialized urandom read (16 bytes read, 4 bits of entropy available)
[    5.694961] random: systemd-udevd: uninitialized urandom read (16 bytes read, 4 bits of entropy available)
[    5.705273] random: systemd-udevd: uninitialized urandom read (16 bytes read, 4 bits of entropy available)
[    5.723248] random: systemd-udevd: uninitialized urandom read (16 bytes read, 4 bits of entropy available)
[    5.731916] random: udevadm: uninitialized urandom read (16 bytes read, 4 bits of entropy available)
[    5.847822] random: systemd-udevd: uninitialized urandom read (16 bytes read, 4 bits of entropy available)
[    5.927078] random: udevadm: uninitialized urandom read (16 bytes read, 4 bits of entropy available)
[    5.934548] random: udevadm: uninitialized urandom read (16 bytes read, 4 bits of entropy available)
[    5.938594] random: udevadm: uninitialized urandom read (16 bytes read, 4 bits of entropy available)
[    6.769746] e1000: Intel(R) PRO/1000 Network Driver - version 7.3.21-k8-NAPI
[    6.833385] e1000: Copyright (c) 1999-2006 Intel Corporation.
[    6.845587] Fusion MPT base driver 3.04.20
[    6.852700] Copyright (c) 1999-2008 LSI Corporation
[    6.945396] Fusion MPT SPI Host driver 3.04.20
[    7.074790] input: ImExPS/2 Generic Explorer Mouse as /devices/platform/i8042/serio1/input/input4
[    7.161301] mptbase: ioc0: Initiating bringup
[    7.360991] ioc0: LSI53C1030 A0: Capabilities={Initiator}
[    7.718077] scsi host2: ioc0: LSI53C1030 A0, FwRev=00000000h, Ports=1, MaxQ=256, IRQ=20
[    7.847432] scsi 2:0:0:0: Direct-Access     VBOX     HARDDISK         1.0  PQ: 0 ANSI: 5
[    7.868280] scsi target2:0:0: Beginning Domain Validation
[    8.071652] scsi target2:0:0: Domain Validation skipping write tests
[    8.076916] scsi target2:0:0: Ending Domain Validation
[    8.079185] scsi target2:0:0: asynchronous
[    8.081646] scsi 2:0:1:0: Direct-Access     VBOX     HARDDISK         1.0  PQ: 0 ANSI: 5
[    8.092008] scsi target2:0:1: Beginning Domain Validation
[    8.116658] scsi target2:0:1: Domain Validation skipping write tests
[    8.118711] scsi target2:0:1: Ending Domain Validation
[    8.120538] scsi target2:0:1: asynchronous
[    8.382008] sd 2:0:0:0: Attached scsi generic sg0 type 0
[    8.403001] sd 2:0:0:0: [sda] 20971520 512-byte logical blocks: (10.7 GB/10.0 GiB)
[    8.405963] sd 2:0:0:0: [sda] Write Protect is off
[    8.408332] sd 2:0:0:0: [sda] Incomplete mode parameter data
[    8.410271] sd 2:0:0:0: [sda] Assuming drive cache: write through
[    8.422851] sd 2:0:1:0: [sdb] 20480 512-byte logical blocks: (10.5 MB/10.0 MiB)
[    8.426216] sd 2:0:1:0: Attached scsi generic sg1 type 0
[    8.502800] sd 2:0:1:0: [sdb] Write Protect is off
[    8.583025]  sda: sda1
[    8.602414] sd 2:0:1:0: [sdb] Incomplete mode parameter data
[    8.606434] sd 2:0:1:0: [sdb] Assuming drive cache: write through
[    8.609179] sd 2:0:0:0: [sda] Attached SCSI disk
[    8.694922] sd 2:0:1:0: [sdb] Attached SCSI disk
[    9.235870] e1000 0000:00:03.0 eth0: (PCI:33MHz:32-bit) 02:6a:5b:40:72:6f
[    9.263242] e1000 0000:00:03.0 eth0: Intel(R) PRO/1000 Network Connection
[    9.416079] e1000 0000:00:03.0 enp0s3: renamed from eth0
Begin: Loading essential drivers ... [   12.661432] md: linear personality registered for level -1
[   12.699811] md: multipath personality registered for level -4
[   12.793212] md: raid0 personality registered for level 0
[   12.967259] md: raid1 personality registered for level 1
[   13.071915] raid6: sse2x1   gen()  1708 MB/s
[   13.281883] raid6: sse2x1   xor()  4244 MB/s
[   13.387023] raid6: sse2x2   gen()  2180 MB/s
[   13.491915] raid6: sse2x2   xor()  3797 MB/s
[   13.596368] raid6: sse2x4   gen()  6681 MB/s
[   13.698823] raid6: sse2x4   xor()  4998 MB/s
[   13.742594] raid6: using algorithm sse2x4 gen() 6681 MB/s
[   13.744344] raid6: .... xor() 4998 MB/s, rmw enabled
[   13.746008] raid6: using ssse3x2 recovery algorithm
[   13.860352] xor: measuring software checksum speed
[   14.021229]    prefetch64-sse: 30023.000 MB/sec
[   14.161230]    generic_sse: 26650.000 MB/sec
[   14.222580] xor: using function: prefetch64-sse (30023.000 MB/sec)
[   14.235679] async_tx: api initialized (async)
[   14.430516] md: raid6 personality registered for level 6
[   14.444398] md: raid5 personality registered for level 5
[   14.446435] md: raid4 personality registered for level 4
[   14.651358] md: raid10 personality registered for level 10
done.
Begin: Running /scripts/init-premount ... done.
Begin: Mounting root file system ... Begin: Running /scripts/local-top ... done.
Begin: Running /scripts/local-premount ... [   14.993606] Btrfs loaded
Scanning for Btrfs filesystems
done.
Warning: fsck not present, so skipping root file system
[   15.474041] EXT4-fs (sda1): mounted filesystem with ordered data mode. Opts: (null)
done.
Begin: Running /scripts/local-bottom ... done.
Begin: Running /scripts/init-bottom ... done.
[   16.305179] random: nonblocking pool is initialized
[   16.443374] systemd[1]: systemd 229 running in system mode. (+PAM +AUDIT +SELINUX +IMA +APPARMOR +SMACK +SYSVINIT +UTMP +LIBCRYPTSETUP +GCRYPT +GNUTLS +ACL +XZ -LZ4 +SECCOMP +BLKID +ELFUTILS +KMOD -IDN)
[   16.584979] systemd[1]: Detected virtualization oracle.
[   16.586715] systemd[1]: Detected architecture x86-64.

Welcome to [1mUbuntu 16.04.6 LTS[0m!

[   16.615414] systemd[1]: Set hostname to <ubuntu>.
[   16.655611] systemd[1]: Initializing machine ID from random generator.
[   16.666069] systemd[1]: Installed transient /etc/machine-id file.
[   17.835255] systemd[1]: Reached target System Time Synchronized.
[[0;32m  OK  [0m] Reached target System Time Synchronized.
[   17.847253] systemd[1]: Listening on Journal Audit Socket.
[[0;32m  OK  [0m] Listening on Journal Audit Socket.
[   17.854833] systemd[1]: Listening on Journal Socket (/dev/log).
[[0;32m  OK  [0m] Listening on Journal Socket (/dev/log).
[   17.868636] systemd[1]: Reached target Swap.
[[0;32m  OK  [0m] Reached target Swap.
[   17.872329] systemd[1]: Listening on /dev/initctl Compatibility Named Pipe.
[[0;32m  OK  [0m] Listening on /dev/initctl Compatibility Named Pipe.
[   17.877966] systemd[1]: Listening on LVM2 poll daemon socket.
[[0;32m  OK  [0m] Listening on LVM2 poll daemon socket.
[   17.918943] systemd[1]: Created slice User and Session Slice.
[[0;32m  OK  [0m] Created slice User and Session Slice.
[   17.923237] systemd[1]: Started Forward Password Requests to Wall Directory Watch.
[[0;32m  OK  [0m] Started Forward Password Requests to Wall Directory Watch.
[   17.928774] systemd[1]: Reached target User and Group Name Lookups.
[[0;32m  OK  [0m] Reached target User and Group Name Lookups.
[   17.933097] systemd[1]: Listening on udev Kernel Socket.
[[0;32m  OK  [0m] Listening on udev Kernel Socket.
[   17.937644] systemd[1]: Set up automount Arbitrary Executable File Formats File System Automount Point.
[[0;32m  OK  [0m] Set up automount Arbitrary Executab...ats File System Automount Point.
[   17.944756] systemd[1]: Started Trigger resolvconf update for networkd DNS.
[[0;32m  OK  [0m] Started Trigger resolvconf update for networkd DNS.
[   17.949388] systemd[1]: Listening on Syslog Socket.
[[0;32m  OK  [0m] Listening on Syslog Socket.
[   17.953236] systemd[1]: Listening on udev Control Socket.
[[0;32m  OK  [0m] Listening on udev Control Socket.
[   17.964341] systemd[1]: Reached target Encrypted Volumes.
[[0;32m  OK  [0m] Reached target Encrypted Volumes.
[   18.019132] systemd[1]: Listening on Device-mapper event daemon FIFOs.
[[0;32m  OK  [0m] Listening on Device-mapper event daemon FIFOs.
[   18.024283] systemd[1]: Created slice System Slice.
[[0;32m  OK  [0m] Created slice System Slice.
[   18.029289] systemd[1]: Created slice system-serial\x2dgetty.slice.
[[0;32m  OK  [0m] Created slice system-serial\x2dgetty.slice.
[   18.033536] systemd[1]: Reached target Slices.
[[0;32m  OK  [0m] Reached target Slices.
[   18.037176] systemd[1]: Listening on Journal Socket.
[[0;32m  OK  [0m] Listening on Journal Socket.
[   18.045342] systemd[1]: Starting Create list of required static device nodes for the current kernel...
         Starting Create list of required st... nodes for the current kernel...
[   18.067836] systemd[1]: Starting Journal Service...
         Starting Journal Service...
[   18.137961] systemd[1]: Mounting Huge Pages File System...
         Mounting Huge Pages File System...
[   18.231104] systemd[1]: Mounting POSIX Message Queue File System...
         Mounting POSIX Message Queue File System...
[   18.488453] systemd[1]: Starting Set console keymap...
         Starting Set console keymap...
[   18.563584] systemd[1]: Starting Remount Root and Kernel File Systems...
         Starting Remount Root and Kernel File Systems...
[   18.676350] systemd[1]: Starting Uncomplicated firewall...
[   18.756157] EXT4-fs (sda1): re-mounted. Opts: (null)
         Starting Uncomplicated firewall...
[   18.897542] systemd[1]: Starting Load Kernel Modules...
         Starting Load Kernel Modules...
[   19.078856] systemd[1]: Mounting Debug File System...
         Mounting Debug File System...
[   19.270215] systemd[1]: Starting Nameserver information manager...
         Starting Nameserver information manager...
[   19.367392] systemd[1]: Listening on LVM2 metadata daemon socket.
[[0;32m  OK  [0m] Listening on LVM2 metadata daemon socket.
[   19.385495] systemd[1]: Starting Monitoring of LVM2 mirrors, snapshots etc. using dmeventd or progress polling...
[   19.400734] Loading iSCSI transport class v2.0-870.
         Starting Monitoring of LVM2 mirrors... dmeventd or progress polling...
[   19.518639] systemd[1]: Mounted Huge Pages File System.
[[0;32m  OK  [0m] Mounted Huge Pages File System.
[   19.669254] systemd[1]: Mounted POSIX Message Queue File System.
[[0;32m  OK  [0m] Mounted POSIX Message Queue File System.
[   19.681068] systemd[1]: Mounted Debug File System.
[   19.881438] iscsi: registered transport (tcp)
[[0;32m  OK  [0m] Mounted Debug File System.
[   19.977764] systemd[1]: Started Journal Service.
[[0;32m  OK  [0m] Started Journal Service.
[[0;32m  OK  [0m] Started Create list of required sta...ce nodes for the current kernel.
[[0;32m  OK  [0m] Started Remount Root and Kernel File Systems.
[[0;32m  OK  [0m] Started Uncomplicated firewall.
[[0;32m  OK  [0m] Started Set console keymap.
[   20.426957] iscsi: registered transport (iser)
[[0;32m  OK  [0m] Started Nameserver information manager.
[[0;32m  OK  [0m] Started Load Kernel Modules.
         Starting Apply Kernel Variables...
         Mounting FUSE Control File System...
[[0;32m  OK  [0m] Started LVM2 metadata daemon.
         Starting Load/Save Random Seed...
         Starting udev Coldplug all Devices...
         Starting Create Static Device Nodes in /dev...
         Starting Flush Journal to Persistent Storage...
[[0;32m  OK  [0m] Mounted FUSE Control File System.
[[0;32m  OK  [0m] Started Apply Kernel Variables.
[[0;32m  OK  [0m] Started Load/Save Random Seed.
[[0;32m  OK  [0m] Started Create Static Device Nodes in /dev.
[[0;32m  OK  [0m] Started Monitoring of LVM2 mirrors,...ng dmeventd or progress polling.
         Starting udev Kernel Device Manager...
[[0;32m  OK  [0m] Reached target Local File Systems (Pre).
[[0;32m  OK  [0m] Reached target Local File Systems.
         Starting Set console font and keymap...
         Starting LSB: AppArmor initialization...
         Starting Initial cloud-init job (pre-networking)...
         Starting Tell Plymouth To Write Out Runtime Data...
         Starting Commit a transient machine-id on disk...
[[0;32m  OK  [0m] Started Flush Journal to Persistent Storage.
[[0;32m  OK  [0m] Started Tell Plymouth To Write Out Runtime Data.
[[0;32m  OK  [0m] Started Commit a transient machine-id on disk.
         Starting Create Volatile Files and Directories...
[[0;32m  OK  [0m] Started Create Volatile Files and Directories.
[[0;32m  OK  [0m] Started udev Coldplug all Devices.
         Starting Update UTMP about System Boot/Shutdown...
[[0;32m  OK  [0m] Started Update UTMP about System Boot/Shutdown.
[[0;32m  OK  [0m] Started udev Kernel Device Manager.
[[0;32m  OK  [0m] Started Dispatch Password Requests to Console Directory Watch.
[[0;32m  OK  [0m] Found device /dev/ttyS0.
[[0;32m  OK  [0m] Listening on Load/Save RF Kill Switch Status /dev/rfkill Watch.
[[0;32m  OK  [0m] Started LSB: AppArmor initialization.
[   35.380083] cloud-init[474]: Cloud-init v. 19.1-1-gbaa47854-0ubuntu1~16.04.1 running 'init-local' at Fri, 23 Aug 2019 17:11:49 +0000. Up 30.17 seconds.
[[0;32m  OK  [0m] Started Initial cloud-init job (pre-networking).
[[0;32m  OK  [0m] Reached target Network (Pre).
         Starting Raise network interfaces...
[[0;32m  OK  [0m] Started Set console font and keymap.
[[0;32m  OK  [0m] Created slice system-getty.slice.
[[0;32m  OK  [0m] Started Raise network interfaces.
         Starting Initial cloud-init job (metadata service crawler)...
[[0;32m  OK  [0m] Reached target Network.
[   48.111259] cloud-init[953]: Cloud-init v. 19.1-1-gbaa47854-0ubuntu1~16.04.1 running 'init' at Fri, 23 Aug 2019 17:12:02 +0000. Up 43.98 seconds.
[   48.123525] cloud-init[953]: ci-info: ++++++++++++++++++++++++++++++++++++++Net device info++++++++++++++++++++++++++++++++++++++
[   48.135331] cloud-init[953]: ci-info: +--------+------+----------------------------+---------------+--------+-------------------+
[   48.143629] cloud-init[953]: ci-info: | Device |  Up  |          Address           |      Mask     | Scope  |     Hw-Address    |
[   48.211076] cloud-init[953]: ci-info: +--------+------+----------------------------+---------------+--------+-------------------+
[   48.237975] cloud-init[953]: ci-info: | enp0s3 | True |         10.0.2.15          | 255.255.255.0 | global | 02:6a:5b:40:72:6f |
[   48.310728] cloud-init[953]: ci-info: | enp0s3 | True | fe80::6a:5bff:fe40:726f/64 |       .       |  link  | 02:6a:5b:40:72:6f |
[   48.453573] cloud-init[953]: ci-info: |   lo   | True |         127.0.0.1          |   255.0.0.0   |  host  |         .         |
[   48.507376] cloud-init[953]: ci-info: |   lo   | True |          ::1/128           |       .       |  host  |         .         |
[   48.541367] cloud-init[953]: ci-info: +--------+------+----------------------------+---------------+--------+-------------------+[[0;32m  OK  [0m] Started Initial cloud-init job (metadata service crawler).
[[0;32m  OK  [0m] Reached target Cloud-config availability.
[[0;32m  OK  [0m] Reached target System Initialization.
[   48.561228] cloud-init[953]: ci-info: +++++++++++++++++++++++++++Route IPv4 info++++++++++++++++++++++++++++
[[0;32m  OK  [0m
[   48.568958] cloud-init[953]: ] Started Daily Cleanup of Temporary Directories.
ci-info: +-------+-------------+----------+---------------+-----------+-------+
[[0;32m  OK  [0m] [   48.748364] cloud-init[953]: ci-info: | Route | Destination | Gateway  |    Genmask    | Interface | Flags |
[   48.750992] cloud-init[953]: ci-info: +-------+-------------+----------+---------------+-----------+-------+
[   48.751673] cloud-init[953]: ci-info: |   0   |   0.0.0.0   | 10.0.2.2 |    0.0.0.0    |   enp0s3  |   UG  |
Started ACPI Events Check.
[[0;32m  OK  [0m[   48.752403] cloud-init[953]: ci-info: |   1   |   10.0.2.0  | 0.0.0.0  | 255.255.255.0 |   enp0s3  |   U   |] Reached target Paths.

[   48.773075] cloud-init[953]: ci-info: +-------+-------------+----------+---------------+-----------+-------+
[   48.794564] cloud-init[953]: ci-info: +++++++++++++++++++Route IPv6 info+++++++++++++++++++
         Starting LXD - unix socket.
[   48.804846] cloud-init[953]: ci-info: +-------+-------------+---------+-----------+-------+
[[0;32m  OK  [0m] Listening on D-Bus System Message Bus Socket.
[[   48.820736] cloud-init[953]: ci-info: | Route | Destination | Gateway | Interface | Flags |[0;32m  OK  [0m] Listening on UUID daemon activation socket.
[
[   48.842670] cloud-init[953]: ci-info: +-------+-------------+---------+-----------+-------+
[   48.846537] cloud-init[953]: [0;32m  OK  [0m] Started Daily apt download activities.ci-info: |   0   |  fe80::/64  |    ::   |   enp0s3  |   U   |
[[0;32m  OK  [0m
[   48.871414] ] Started Daily apt upgrade and clean activities.cloud-init[953]: ci-info: |   4   |   ff00::/8  |    ::   |   enp0s3  |   U   |
[[0;32m  OK  [0m] Reached target Timers.

[   48.893863] cloud-init         Starting Socket activation for snappy daemon.[953]: ci-info: +-------+-------------+---------+-----------+-------+
[   48.907640] cloud-init[953]: Generating public/private rsa key pair.
[   48.910859] cloud-init[953]: 
[[0;32m  OK  [0m] Listening on ACPID Listen Socket.
[Your identification has been saved in /etc/ssh/ssh_host_rsa_key.
[   48.918704] cloud-init[953]: Your public key has been saved in /etc/ssh/ssh_host_rsa_key.pub.[0;32m  OK  [0m] Reached target Network is Online.
         Starting iSCSI initiator daemon (iscsid)...

[   48.961099] cloud-init[953]: The key fingerprint is:
[[0;32m  OK  [0m] Listening on LXD - unix socket.
[[0;32m  OK  [0m[   49.053776] cloud-init[953]: SHA256:FuQHZ8AGooMPJLQWkVIPSVIE6MaAJKRChpY6XAJd/5c root@ubuntu-xenial
[   49.060287] cloud-init[953]: The key's randomart image is:
[   49.060519] cloud-init[953]: +---[RSA 2048]----+
[   49.060740] cloud-init[953]: |#^Xoo .o+.o      |
[   49.060972] cloud-init[953]: |&B== o oo+       |
[   49.061212] cloud-init[953]: |&o= . ..o .      |
[   49.061435] cloud-init[953]: |=B .   . o .     |
[   49.061699] cloud-init[953]: |...     S E      |
[   49.061928] cloud-init[953]: |       . .       |
[   49.062160] cloud-init[953]: |                 |
[   49.062391] cloud-init[953]: |                 |
[   49.062609] cloud-init[953]: |                 |
[   49.062829] cloud-init[953]: +----[SHA256]-----+
[   49.063059] cloud-init[953]: Generating public/private dsa key pair.
[   49.063278] cloud-init[953]: Your identification has been saved in /etc/ssh/ssh_host_dsa_key.
[   49.063542] cloud-init[953]: Your public key has been saved in /etc/ssh/ssh_host_dsa_key.pub.
[   49.063763] cloud-init[953]: The key fingerprint is:
[   49.063993] cloud-init[953]: SHA256:OxTB6jorZB8EvFw7SgDj/spxw+RurToheu3e7w4KQnA root@ubuntu-xenial
[   49.064219] cloud-init[953]: The key's randomart image is:
[   49.064441] cloud-init[953]: +---[DSA 1024]----+
[   49.064666] cloud-init[953]: |+.     ..        |
] Listening on Socket activation for snappy daemon.
[   49.066066] cloud-init[953]: |o.o .   ..       |
[   49.197630] cloud-init[953]: |.+E+ . ..        |
[   49.251518] cloud-init[953]: |o.+ + .  .       |
[   49.280804] cloud-init[953]: | + + o  S        |
[   49.288921] cloud-init[953]: |o.O . .. .       |
[[0;32m  OK  [0m] Reached target Sockets.
[   49.344726] cloud-init[953]: |++oO.o. o        |
[   49.345314] cloud-init[953]: |ooBo*+ . .       |
[   49.345543] cloud-init[953]: | =+**o.++        |
[   49.345765] cloud-init[953]: +----[SHA256]-----+
[   49.345988] cloud-init[953]: Generating public/private ecdsa key pair.
[   49.346319] cloud-init[953]: Your identification has been saved in /etc/ssh/ssh_host_ecdsa_key.
[   49.346638] cloud-init[953]: Your public key has been saved in /etc/ssh/ssh_host_ecdsa_key.pub.
[   49.346963] cloud-init[953]: The key fingerprint is:
[   49.347190] cloud-init[953]: SHA256:iCbxvEjiSoV42IPj6CYiOX3s+cXTRG8m1P514OBCdwc root@ubuntu-xenial
[   49.347452] cloud-init[953]: The key's randomart image is:
[   49.347681] cloud-init[953]: +---[ECDSA 256]---+
[   49.347905] cloud-init[953]: |              E  |
[   49.348135] cloud-init[953]: |           .   . |
[   49.348360] cloud-init[953]: |  .       + + o .|
[   49.348593] cloud-init[953]: |.+.+ . . + = + o |
[   49.348816] cloud-init[953]: |*.*.= . S + * . o|
[   49.349041] cloud-init[953]: |+=.= . . o = . ..|
[   49.349266] cloud-init[953]: |.*...   + .   .  |
[   49.349488] cloud-init[953]: |X.. o. . .       |
[   49.349754] cloud-init[953]: |*o oo..          |
[   49.349975] cloud-init[953]: +----[SHA256]-----+
[   49.350217] cloud-init[953]: Generating public/private ed25519 key pair.
[   49.350444] cloud-init[953]: Your identification has been saved in /etc/ssh/ssh_host_ed25519_key.
[   49.350674] cloud-init[953]: Your public key has been saved in /etc/ssh/ssh_host_ed25519_key.pub.
[   49.356171] cloud-init[953]: The key fingerprint is:
[   49.356523] cloud-init[953]: SHA256:69FzmoUQRpx8N+bb7AZTUUZ3qutS9FBR+eQsdbqzUwQ root@ubuntu-xenial
[   49.356837] cloud-init[953]: The key's randomart image is:
[   49.357147] cloud-init[953]: +--[ED25519 256]--+
[   49.357425] cloud-init[953]: |       o..    .=O|
[   49.357759] cloud-init[953]: |       .+ . + E+*|
[   49.358069] cloud-init[953]: |        o. + o.Oo|
[   49.358814] cloud-init[953]: |       . .  +.+ =|
[   49.359180] cloud-init[953]: |        S  ..B + |
[   49.359561] cloud-init[953]: |         + .=.* .|
[   49.359948] cloud-init[953]: |        o +.++ + |
[   49.363941] cloud-init[953]: |       . ..B  =  |
[   49.366435] cloud-init[953]: |        . o... . |
[   49.366851] cloud-init[953]: +----[SHA256]-----+
[[0;32m  OK  [0m] Reached target Basic System.
[[0;32m  OK  [0m] Started D-Bus System Message Bus.
[[0;32m  OK  [0m] Started Deferred execution scheduler.
         Starting System Logging Service...
[[0;32m  OK  [0m] Started Regular background program processing daemon.
[[0;32m  OK  [0m] Started ACPI event daemon.
         Starting /etc/rc.local Compatibility...
         Starting LSB: Record successful boot for GRUB...
         Starting Login Service...
         Starting LSB: MD monitoring daemon...
         Starting Snappy daemon...
         Starting Accounts Service...
         Starting Virtualbox guest utils...
[[0;32m  OK  [0m] Started FUSE filesystem for LXC.
         Starting Pollinate to seed the pseudo random number generator...
         Starting LXD - container startup/shutdown...
[[0;32m  OK  [0m] Started System Logging Service.
[[0;32m  OK  [0m] Started iSCSI initiator daemon (iscsid).
[[0;32m  OK  [0m] Started /etc/rc.local Compatibility.
         Starting Login to default iSCSI targets...
[[0;32m  OK  [0m] Started Login Service.
[[0;32m  OK  [0m] Started Unattended Upgrades Shutdown.
[[0;32m  OK  [0m] Started LSB: Record successful boot for GRUB.
[[0;32m  OK  [0m] Started Login to default iSCSI targets.
[[0;32m  OK  [0m] Reached target Remote File Systems (Pre).
[[0;32m  OK  [0m] Reached target Remote File Systems.
         Starting LSB: daemon to balance interrupts for SMP systems...
         Starting LSB: automatic crash report generation...
         Starting LSB: Set the CPU Frequency Scaling governor to "ondemand"...
         Starting Permit User Sessions...
[[0;32m  OK  [0m] Started LSB: MD monitoring daemon.
[[0;32m  OK  [0m] Started Permit User Sessions.
         Starting Terminate Plymouth Boot Screen...
         Starting Hold until boot process finishes up...
         Starting Authenticate and Authorize Users to Run Privileged Tasks...
[[0;32m  OK  [0m] Started Terminate Plymouth Boot Screen.
[[0;32m  OK  [0m] Started Hold until boot process finishes up.
[[0;32m  OK  [0m] Started Serial Getty on ttyS0.
         Starting Set console scheme...
[[0;32m  OK  [0m] Started Getty on tty1.
[[0;32m  OK  [0m] Reached target Login Prompts.
[[0;32m  OK  [0m] Started Set console scheme.
[[0;32m  OK  [0m] Started LXD - container startup/shutdown.
[[0;32m  OK  [0m] Started Authenticate and Authorize Users to Run Privileged Tasks.
[[0;32m  OK  [0m] Started Accounts Service.
[[0;32m  OK  [0m] Started LSB: automatic crash report generation.
[[0;32m  OK  [0m] Started Virtualbox guest utils.
[[0;32m  OK  [0m] Started LSB: daemon to balance interrupts for SMP systems.
[[0;32m  OK  [0m] Started LSB: Set the CPU Frequency Scaling governor to "ondemand".
[[0;32m  OK  [0m] Started Snappy daemon.
         Starting Wait until snapd is fully seeded...
[[0;32m  OK  [0m] Started Pollinate to seed the pseudo random number generator.
         Starting OpenBSD Secure Shell server...
[[0;32m  OK  [0m] Started OpenBSD Secure Shell server.

Ubuntu 16.04.6 LTS ubuntu-xenial ttyS0

ubuntu-xenial login: [   66.790362] cloud-init[1367]: Generating locales (this might take a while)...
[   75.167388] cloud-init[1367]:   en_US.UTF-8... done
[   75.168697] cloud-init[1367]: Generation complete.
[   78.888575] cloud-init[1367]: Cloud-init v. 19.1-1-gbaa47854-0ubuntu1~16.04.1 running 'modules:config' at Fri, 23 Aug 2019 17:12:23 +0000. Up 64.84 seconds.
ci-info: no authorized ssh keys fingerprints found for user ubuntu.
<14>Aug 23 17:12:41 ec2: 
<14>Aug 23 17:12:41 ec2: #############################################################
<14>Aug 23 17:12:41 ec2: -----BEGIN SSH HOST KEY FINGERPRINTS-----
<14>Aug 23 17:12:41 ec2: 1024 SHA256:OxTB6jorZB8EvFw7SgDj/spxw+RurToheu3e7w4KQnA root@ubuntu-xenial (DSA)
<14>Aug 23 17:12:41 ec2: 256 SHA256:iCbxvEjiSoV42IPj6CYiOX3s+cXTRG8m1P514OBCdwc root@ubuntu-xenial (ECDSA)
<14>Aug 23 17:12:41 ec2: 256 SHA256:69FzmoUQRpx8N+bb7AZTUUZ3qutS9FBR+eQsdbqzUwQ root@ubuntu-xenial (ED25519)
<14>Aug 23 17:12:41 ec2: 2048 SHA256:FuQHZ8AGooMPJLQWkVIPSVIE6MaAJKRChpY6XAJd/5c root@ubuntu-xenial (RSA)
<14>Aug 23 17:12:41 ec2: -----END SSH HOST KEY FINGERPRINTS-----
<14>Aug 23 17:12:41 ec2: #############################################################
-----BEGIN SSH HOST KEY KEYS-----
ecdsa-sha2-nistp256 AAAAE2VjZHNhLXNoYTItbmlzdHAyNTYAAAAIbmlzdHAyNTYAAABBBIwTFBs2C691j+PuYmHuFYV1AHlqZRbGMI51WuNUeJZXDEEPLcRud1gBkG6wYhORun0VDYr/gUh3HNX9p98pkTw= root@ubuntu-xenial
ssh-ed25519 AAAAC3NzaC1lZDI1NTE5AAAAIFwmaq+pqGbbZjce95vMlclrNThzEtbCwovM6w8DJTzv root@ubuntu-xenial
ssh-rsa AAAAB3NzaC1yc2EAAAADAQABAAABAQClMFTpOdhEZ5uNVXuYR5VVVYpLSif1r6hO2IDW1iRQHRf+CJubqkd+JZpDUq4587dbqbBEYVWWhryihU0gRTG2AqmNhi8NBil8SVoX51GvDD3lO+fE3T6box0AFQhl83PI7VPv32pSR1CG1aeFYCSUdwDFE8aTVLfFjZc86m7RQlaCWZLAFPVSdqWAcFKUcN79bb2D4h4d3XmDAj5IHiUnDC4fz5ZikqfP2xc47o12CrKH4Jf1zg9Z2DU8hd/8sGjEGWMaj9tk6ci1f1uotpsqOqido3m/UkOryoVq6Q/ic9wT32gSGx1qJwzD9kcK1vXYWewGcb0k41Ts8kb6n69f root@ubuntu-xenial
-----END SSH HOST KEY KEYS-----
[   83.569362] cloud-init[1558]: Cloud-init v. 19.1-1-gbaa47854-0ubuntu1~16.04.1 running 'modules:final' at Fri, 23 Aug 2019 17:12:40 +0000. Up 81.40 seconds.
[   83.570538] cloud-init[1558]: ci-info: no authorized ssh keys fingerprints found for user ubuntu.
[   83.571100] cloud-init[1558]: Cloud-init v. 19.1-1-gbaa47854-0ubuntu1~16.04.1 finished at Fri, 23 Aug 2019 17:12:42 +0000. Datasource DataSourceNoCloud [seed=/dev/sdb][dsmode=net].  Up 83.38 seconds
